2024-11-25 14:05:03 [main] INFO  org.thejavengers.Main - Inicio de la aplicación.
2024-11-25 14:05:03 [JavaFX Application Thread] INFO  org.thejavengers.Main - Iniciando la aplicación JavaFX.
2024-11-25 14:05:03 [JavaFX Application Thread] ERROR org.thejavengers.Main - Error crítico al iniciar la aplicación.
java.lang.IllegalStateException: Location is not set.
	at javafx.fxml@21.0.5/javafx.fxml.FXMLLoader.loadImpl(FXMLLoader.java:2556)
	at javafx.fxml@21.0.5/javafx.fxml.FXMLLoader.load(FXMLLoader.java:2531)
	at org.thejavengers.Main.start(Main.java:56)
	at javafx.graphics@21.0.5/com.sun.javafx.application.LauncherImpl.lambda$launchApplication1$9(LauncherImpl.java:839)
	at javafx.graphics@21.0.5/com.sun.javafx.application.PlatformImpl.lambda$runAndWait$12(PlatformImpl.java:483)
	at javafx.graphics@21.0.5/com.sun.javafx.application.PlatformImpl.lambda$runLater$10(PlatformImpl.java:456)
	at java.base/java.security.AccessController.doPrivileged(AccessController.java:400)
	at javafx.graphics@21.0.5/com.sun.javafx.application.PlatformImpl.lambda$runLater$11(PlatformImpl.java:455)
	at javafx.graphics@21.0.5/com.sun.glass.ui.InvokeLaterDispatcher$Future.run$$$capture(InvokeLaterDispatcher.java:95)
	at javafx.graphics@21.0.5/com.sun.glass.ui.InvokeLaterDispatcher$Future.run(InvokeLaterDispatcher.java)
	at javafx.graphics@21.0.5/com.sun.glass.ui.win.WinApplication._runLoop(Native Method)
	at javafx.graphics@21.0.5/com.sun.glass.ui.win.WinApplication.lambda$runLoop$3(WinApplication.java:185)
	at java.base/java.lang.Thread.run(Thread.java:1583)
2024-11-25 14:05:40 [main] INFO  org.thejavengers.Main - Inicio de la aplicación.
2024-11-25 14:05:40 [JavaFX Application Thread] INFO  org.thejavengers.Main - Iniciando la aplicación JavaFX.
2024-11-25 14:05:40 [JavaFX Application Thread] ERROR org.thejavengers.Main - Error crítico al iniciar la aplicación.
java.lang.IllegalStateException: Location is not set.
	at javafx.fxml@21.0.5/javafx.fxml.FXMLLoader.loadImpl(FXMLLoader.java:2556)
	at javafx.fxml@21.0.5/javafx.fxml.FXMLLoader.load(FXMLLoader.java:2531)
	at org.thejavengers.Main.start(Main.java:56)
	at javafx.graphics@21.0.5/com.sun.javafx.application.LauncherImpl.lambda$launchApplication1$9(LauncherImpl.java:839)
	at javafx.graphics@21.0.5/com.sun.javafx.application.PlatformImpl.lambda$runAndWait$12(PlatformImpl.java:483)
	at javafx.graphics@21.0.5/com.sun.javafx.application.PlatformImpl.lambda$runLater$10(PlatformImpl.java:456)
	at java.base/java.security.AccessController.doPrivileged(AccessController.java:400)
	at javafx.graphics@21.0.5/com.sun.javafx.application.PlatformImpl.lambda$runLater$11(PlatformImpl.java:455)
	at javafx.graphics@21.0.5/com.sun.glass.ui.InvokeLaterDispatcher$Future.run(InvokeLaterDispatcher.java:95)
	at javafx.graphics@21.0.5/com.sun.glass.ui.win.WinApplication._runLoop(Native Method)
	at javafx.graphics@21.0.5/com.sun.glass.ui.win.WinApplication.lambda$runLoop$3(WinApplication.java:185)
	at java.base/java.lang.Thread.run(Thread.java:1583)
2024-11-25 14:14:42 [main] INFO  org.thejavengers.Main - Inicio de la aplicación.
2024-11-25 14:14:42 [JavaFX Application Thread] INFO  org.thejavengers.Main - Iniciando la aplicación JavaFX.
2024-11-25 14:14:42 [JavaFX Application Thread] ERROR org.thejavengers.Main - Error crítico al iniciar la aplicación.
java.lang.IllegalStateException: Location is not set.
	at javafx.fxml@21.0.5/javafx.fxml.FXMLLoader.loadImpl(FXMLLoader.java:2556)
	at javafx.fxml@21.0.5/javafx.fxml.FXMLLoader.load(FXMLLoader.java:2531)
	at org.thejavengers.Main.start(Main.java:56)
	at javafx.graphics@21.0.5/com.sun.javafx.application.LauncherImpl.lambda$launchApplication1$9(LauncherImpl.java:839)
	at javafx.graphics@21.0.5/com.sun.javafx.application.PlatformImpl.lambda$runAndWait$12(PlatformImpl.java:483)
	at javafx.graphics@21.0.5/com.sun.javafx.application.PlatformImpl.lambda$runLater$10(PlatformImpl.java:456)
	at java.base/java.security.AccessController.doPrivileged(AccessController.java:400)
	at javafx.graphics@21.0.5/com.sun.javafx.application.PlatformImpl.lambda$runLater$11(PlatformImpl.java:455)
	at javafx.graphics@21.0.5/com.sun.glass.ui.InvokeLaterDispatcher$Future.run$$$capture(InvokeLaterDispatcher.java:95)
	at javafx.graphics@21.0.5/com.sun.glass.ui.InvokeLaterDispatcher$Future.run(InvokeLaterDispatcher.java)
	at javafx.graphics@21.0.5/com.sun.glass.ui.win.WinApplication._runLoop(Native Method)
	at javafx.graphics@21.0.5/com.sun.glass.ui.win.WinApplication.lambda$runLoop$3(WinApplication.java:185)
	at java.base/java.lang.Thread.run(Thread.java:1583)
2024-11-25 14:20:32 [main] INFO  org.thejavengers.Main - Inicio de la aplicación.
2024-11-25 14:20:32 [JavaFX Application Thread] INFO  org.thejavengers.Main - Iniciando la aplicación JavaFX.
2024-11-25 14:20:33 [JavaFX Application Thread] INFO  org.thejavengers.Main - Aplicación JavaFX iniciada correctamente.
2024-11-25 14:21:21 [JavaFX Application Thread] INFO  o.t.v.c.ControladorPrincipalVista - Saliendo de la aplicación.
2024-11-25 16:43:46 [main] INFO  org.thejavengers.Main - Inicio de la aplicación.
2024-11-25 16:43:46 [JavaFX Application Thread] INFO  org.thejavengers.Main - Iniciando la aplicación JavaFX.
2024-11-25 16:43:47 [JavaFX Application Thread] INFO  org.thejavengers.Main - Aplicación JavaFX iniciada correctamente.
2024-11-25 16:43:49 [main] INFO  org.thejavengers.Main - Aplicación finalizada.
2024-11-25 16:43:50 [main] INFO  o.t.c.ControladorExcursiones - ControladorExcursiones inicializado correctamente.
2024-11-25 16:45:02 [main] INFO  org.thejavengers.Main - Inicio de la aplicación.
2024-11-25 16:45:02 [JavaFX Application Thread] INFO  org.thejavengers.Main - Iniciando la aplicación JavaFX.
2024-11-25 16:45:02 [JavaFX Application Thread] ERROR org.thejavengers.Main - Error crítico al iniciar la aplicación.
javafx.fxml.LoadException: Error resolving onAction='#abrirExcursionista', either the event handler is not in the Namespace or there is an error in the script.
/C:/Users/Admin/OneDrive/UOC_DAM/3er%20semestre/FP058-Programaci%c3%b3n%20orientada%20a%20objetos%20con%20acceso%20a%20BBDD/The%20Javengers%20-%20IntellJ/TheJavengers_IntellJ/target/classes/application.fxml:31

	at javafx.fxml@21.0.5/javafx.fxml.FXMLLoader.constructLoadException(FXMLLoader.java:2718)
	at javafx.fxml@21.0.5/javafx.fxml.FXMLLoader$Element.processEventHandlerAttributes(FXMLLoader.java:623)
	at javafx.fxml@21.0.5/javafx.fxml.FXMLLoader$ValueElement.processEndElement(FXMLLoader.java:783)
	at javafx.fxml@21.0.5/javafx.fxml.FXMLLoader.processEndElement(FXMLLoader.java:2969)
	at javafx.fxml@21.0.5/javafx.fxml.FXMLLoader.loadImpl(FXMLLoader.java:2654)
	at javafx.fxml@21.0.5/javafx.fxml.FXMLLoader.loadImpl(FXMLLoader.java:2563)
	at javafx.fxml@21.0.5/javafx.fxml.FXMLLoader.load(FXMLLoader.java:2531)
	at org.thejavengers.Main.start(Main.java:56)
	at javafx.graphics@21.0.5/com.sun.javafx.application.LauncherImpl.lambda$launchApplication1$9(LauncherImpl.java:839)
	at javafx.graphics@21.0.5/com.sun.javafx.application.PlatformImpl.lambda$runAndWait$12(PlatformImpl.java:483)
	at javafx.graphics@21.0.5/com.sun.javafx.application.PlatformImpl.lambda$runLater$10(PlatformImpl.java:456)
	at java.base/java.security.AccessController.doPrivileged(AccessController.java:400)
	at javafx.graphics@21.0.5/com.sun.javafx.application.PlatformImpl.lambda$runLater$11(PlatformImpl.java:455)
	at javafx.graphics@21.0.5/com.sun.glass.ui.InvokeLaterDispatcher$Future.run(InvokeLaterDispatcher.java:95)
	at javafx.graphics@21.0.5/com.sun.glass.ui.win.WinApplication._runLoop(Native Method)
	at javafx.graphics@21.0.5/com.sun.glass.ui.win.WinApplication.lambda$runLoop$3(WinApplication.java:185)
	at java.base/java.lang.Thread.run(Thread.java:1583)
2024-11-25 16:48:58 [main] INFO  org.thejavengers.Main - Inicio de la aplicación.
2024-11-25 16:48:58 [JavaFX Application Thread] INFO  org.thejavengers.Main - Iniciando la aplicación JavaFX.
2024-11-25 16:48:58 [JavaFX Application Thread] ERROR org.thejavengers.Main - Error crítico al iniciar la aplicación.
javafx.fxml.LoadException: Error resolving onAction='#abrirExcursionista', either the event handler is not in the Namespace or there is an error in the script.
/C:/Users/Admin/OneDrive/UOC_DAM/3er%20semestre/FP058-Programaci%c3%b3n%20orientada%20a%20objetos%20con%20acceso%20a%20BBDD/The%20Javengers%20-%20IntellJ/TheJavengers_IntellJ/target/classes/application.fxml:36

	at javafx.fxml@21.0.5/javafx.fxml.FXMLLoader.constructLoadException(FXMLLoader.java:2718)
	at javafx.fxml@21.0.5/javafx.fxml.FXMLLoader$Element.processEventHandlerAttributes(FXMLLoader.java:623)
	at javafx.fxml@21.0.5/javafx.fxml.FXMLLoader$ValueElement.processEndElement(FXMLLoader.java:783)
	at javafx.fxml@21.0.5/javafx.fxml.FXMLLoader.processEndElement(FXMLLoader.java:2969)
	at javafx.fxml@21.0.5/javafx.fxml.FXMLLoader.loadImpl(FXMLLoader.java:2654)
	at javafx.fxml@21.0.5/javafx.fxml.FXMLLoader.loadImpl(FXMLLoader.java:2563)
	at javafx.fxml@21.0.5/javafx.fxml.FXMLLoader.load(FXMLLoader.java:2531)
	at org.thejavengers.Main.start(Main.java:56)
	at javafx.graphics@21.0.5/com.sun.javafx.application.LauncherImpl.lambda$launchApplication1$9(LauncherImpl.java:839)
	at javafx.graphics@21.0.5/com.sun.javafx.application.PlatformImpl.lambda$runAndWait$12(PlatformImpl.java:483)
	at javafx.graphics@21.0.5/com.sun.javafx.application.PlatformImpl.lambda$runLater$10(PlatformImpl.java:456)
	at java.base/java.security.AccessController.doPrivileged(AccessController.java:400)
	at javafx.graphics@21.0.5/com.sun.javafx.application.PlatformImpl.lambda$runLater$11(PlatformImpl.java:455)
	at javafx.graphics@21.0.5/com.sun.glass.ui.InvokeLaterDispatcher$Future.run$$$capture(InvokeLaterDispatcher.java:95)
	at javafx.graphics@21.0.5/com.sun.glass.ui.InvokeLaterDispatcher$Future.run(InvokeLaterDispatcher.java)
	at javafx.graphics@21.0.5/com.sun.glass.ui.win.WinApplication._runLoop(Native Method)
	at javafx.graphics@21.0.5/com.sun.glass.ui.win.WinApplication.lambda$runLoop$3(WinApplication.java:185)
	at java.base/java.lang.Thread.run(Thread.java:1583)
2024-11-25 17:00:20 [main] INFO  org.thejavengers.Main - Inicio de la aplicación.
2024-11-25 17:00:20 [JavaFX Application Thread] INFO  org.thejavengers.Main - Iniciando la aplicación JavaFX.
2024-11-25 17:00:20 [JavaFX Application Thread] INFO  org.thejavengers.Main - Aplicación JavaFX iniciada correctamente.
2024-11-25 17:00:30 [main] INFO  org.thejavengers.Main - Aplicación finalizada.
2024-11-25 17:00:30 [main] INFO  o.t.c.ControladorExcursiones - ControladorExcursiones inicializado correctamente.
2024-11-25 17:03:05 [main] INFO  org.thejavengers.Main - Inicio de la aplicación.
2024-11-25 17:03:06 [JavaFX Application Thread] INFO  org.thejavengers.Main - Iniciando la aplicación JavaFX.
2024-11-25 17:03:06 [JavaFX Application Thread] INFO  org.thejavengers.Main - Aplicación JavaFX iniciada correctamente.
2024-11-25 17:03:10 [main] INFO  org.thejavengers.Main - Aplicación finalizada.
2024-11-25 17:03:10 [main] INFO  o.t.c.ControladorExcursiones - ControladorExcursiones inicializado correctamente.
2024-11-25 17:03:21 [main] INFO  org.thejavengers.Main - Inicio de la aplicación.
2024-11-25 17:03:21 [JavaFX Application Thread] INFO  org.thejavengers.Main - Iniciando la aplicación JavaFX.
2024-11-25 17:03:22 [JavaFX Application Thread] INFO  org.thejavengers.Main - Aplicación JavaFX iniciada correctamente.
2024-11-25 17:03:25 [main] INFO  org.thejavengers.Main - Aplicación finalizada.
2024-11-25 17:03:25 [main] INFO  o.t.c.ControladorExcursiones - ControladorExcursiones inicializado correctamente.
2024-11-25 17:03:52 [main] INFO  org.thejavengers.Main - Inicio de la aplicación.
2024-11-25 17:03:52 [JavaFX Application Thread] INFO  org.thejavengers.Main - Iniciando la aplicación JavaFX.
2024-11-25 17:03:53 [JavaFX Application Thread] INFO  org.thejavengers.Main - Aplicación JavaFX iniciada correctamente.
2024-11-25 17:03:57 [main] INFO  org.thejavengers.Main - Aplicación finalizada.
2024-11-25 17:03:57 [main] INFO  o.t.c.ControladorExcursiones - ControladorExcursiones inicializado correctamente.
2024-11-25 17:05:25 [main] INFO  org.thejavengers.Main - Inicio de la aplicación.
2024-11-25 17:05:25 [JavaFX Application Thread] INFO  org.thejavengers.Main - Iniciando la aplicación JavaFX.
2024-11-25 17:05:26 [JavaFX Application Thread] INFO  org.thejavengers.Main - Aplicación JavaFX iniciada correctamente.
2024-11-25 17:05:35 [main] INFO  org.thejavengers.Main - Aplicación finalizada.
2024-11-25 17:05:35 [main] INFO  o.t.c.ControladorExcursiones - ControladorExcursiones inicializado correctamente.
2024-11-25 17:26:15 [main] INFO  org.thejavengers.Main - Inicio de la aplicación.
2024-11-25 17:26:15 [JavaFX Application Thread] INFO  org.thejavengers.Main - Iniciando la aplicación JavaFX.
2024-11-25 17:26:15 [JavaFX Application Thread] ERROR org.thejavengers.Main - Error crítico al iniciar la aplicación.
javafx.fxml.LoadException: 
/C:/Users/Admin/OneDrive/UOC_DAM/3er%20semestre/FP058-Programaci%c3%b3n%20orientada%20a%20objetos%20con%20acceso%20a%20BBDD/The%20Javengers%20-%20IntellJ/TheJavengers_IntellJ/target/classes/application.fxml:27

	at javafx.fxml@21.0.5/javafx.fxml.FXMLLoader.constructLoadException(FXMLLoader.java:2722)
	at javafx.fxml@21.0.5/javafx.fxml.FXMLLoader.loadImpl(FXMLLoader.java:2700)
	at javafx.fxml@21.0.5/javafx.fxml.FXMLLoader.loadImpl(FXMLLoader.java:2563)
	at javafx.fxml@21.0.5/javafx.fxml.FXMLLoader.load(FXMLLoader.java:2531)
	at org.thejavengers.Main.start(Main.java:56)
	at javafx.graphics@21.0.5/com.sun.javafx.application.LauncherImpl.lambda$launchApplication1$9(LauncherImpl.java:839)
	at javafx.graphics@21.0.5/com.sun.javafx.application.PlatformImpl.lambda$runAndWait$12(PlatformImpl.java:483)
	at javafx.graphics@21.0.5/com.sun.javafx.application.PlatformImpl.lambda$runLater$10(PlatformImpl.java:456)
	at java.base/java.security.AccessController.doPrivileged(AccessController.java:400)
	at javafx.graphics@21.0.5/com.sun.javafx.application.PlatformImpl.lambda$runLater$11(PlatformImpl.java:455)
	at javafx.graphics@21.0.5/com.sun.glass.ui.InvokeLaterDispatcher$Future.run(InvokeLaterDispatcher.java:95)
	at javafx.graphics@21.0.5/com.sun.glass.ui.win.WinApplication._runLoop(Native Method)
	at javafx.graphics@21.0.5/com.sun.glass.ui.win.WinApplication.lambda$runLoop$3(WinApplication.java:185)
	at java.base/java.lang.Thread.run(Thread.java:1583)
Caused by: java.lang.IllegalArgumentException: Unable to coerce >  to class javafx.scene.Node.
	at javafx.fxml@21.0.5/com.sun.javafx.fxml.BeanAdapter.coerce(BeanAdapter.java:497)
	at javafx.fxml@21.0.5/javafx.fxml.FXMLLoader$ValueElement.getListValue(FXMLLoader.java:820)
	at javafx.fxml@21.0.5/javafx.fxml.FXMLLoader$ValueElement.processCharacters(FXMLLoader.java:892)
	at javafx.fxml@21.0.5/javafx.fxml.FXMLLoader.processCharacters(FXMLLoader.java:2982)
	at javafx.fxml@21.0.5/javafx.fxml.FXMLLoader.loadImpl(FXMLLoader.java:2659)
	... 12 common frames omitted
2024-11-25 17:45:52 [main] INFO  org.thejavengers.Main - Inicio de la aplicación.
2024-11-25 17:45:52 [JavaFX Application Thread] INFO  org.thejavengers.Main - Iniciando la aplicación JavaFX.
2024-11-25 17:45:53 [JavaFX Application Thread] ERROR org.thejavengers.Main - Error crítico al iniciar la aplicación.
javafx.fxml.LoadException: 
/C:/Users/Admin/OneDrive/UOC_DAM/3er%20semestre/FP058-Programaci%c3%b3n%20orientada%20a%20objetos%20con%20acceso%20a%20BBDD/The%20Javengers%20-%20IntellJ/TheJavengers_IntellJ/target/classes/application.fxml:27

	at javafx.fxml@21.0.5/javafx.fxml.FXMLLoader.constructLoadException(FXMLLoader.java:2722)
	at javafx.fxml@21.0.5/javafx.fxml.FXMLLoader.loadImpl(FXMLLoader.java:2700)
	at javafx.fxml@21.0.5/javafx.fxml.FXMLLoader.loadImpl(FXMLLoader.java:2563)
	at javafx.fxml@21.0.5/javafx.fxml.FXMLLoader.load(FXMLLoader.java:2531)
	at org.thejavengers.Main.start(Main.java:56)
	at javafx.graphics@21.0.5/com.sun.javafx.application.LauncherImpl.lambda$launchApplication1$9(LauncherImpl.java:839)
	at javafx.graphics@21.0.5/com.sun.javafx.application.PlatformImpl.lambda$runAndWait$12(PlatformImpl.java:483)
	at javafx.graphics@21.0.5/com.sun.javafx.application.PlatformImpl.lambda$runLater$10(PlatformImpl.java:456)
	at java.base/java.security.AccessController.doPrivileged(AccessController.java:400)
	at javafx.graphics@21.0.5/com.sun.javafx.application.PlatformImpl.lambda$runLater$11(PlatformImpl.java:455)
	at javafx.graphics@21.0.5/com.sun.glass.ui.InvokeLaterDispatcher$Future.run(InvokeLaterDispatcher.java:95)
	at javafx.graphics@21.0.5/com.sun.glass.ui.win.WinApplication._runLoop(Native Method)
	at javafx.graphics@21.0.5/com.sun.glass.ui.win.WinApplication.lambda$runLoop$3(WinApplication.java:185)
	at java.base/java.lang.Thread.run(Thread.java:1583)
Caused by: java.lang.IllegalArgumentException: Unable to coerce >  to class javafx.scene.Node.
	at javafx.fxml@21.0.5/com.sun.javafx.fxml.BeanAdapter.coerce(BeanAdapter.java:497)
	at javafx.fxml@21.0.5/javafx.fxml.FXMLLoader$ValueElement.getListValue(FXMLLoader.java:820)
	at javafx.fxml@21.0.5/javafx.fxml.FXMLLoader$ValueElement.processCharacters(FXMLLoader.java:892)
	at javafx.fxml@21.0.5/javafx.fxml.FXMLLoader.processCharacters(FXMLLoader.java:2982)
	at javafx.fxml@21.0.5/javafx.fxml.FXMLLoader.loadImpl(FXMLLoader.java:2659)
	... 12 common frames omitted
2024-11-25 17:49:56 [main] INFO  org.thejavengers.Main - Inicio de la aplicación.
2024-11-25 17:49:56 [JavaFX Application Thread] INFO  org.thejavengers.Main - Iniciando la aplicación JavaFX.
2024-11-25 17:49:57 [JavaFX Application Thread] INFO  org.thejavengers.Main - Aplicación JavaFX iniciada correctamente.
2024-11-25 17:50:30 [main] INFO  org.thejavengers.Main - Aplicación finalizada.
2024-11-25 17:50:30 [main] INFO  o.t.c.ControladorExcursiones - ControladorExcursiones inicializado correctamente.
2024-11-25 17:52:53 [main] INFO  org.thejavengers.Main - Inicio de la aplicación.
2024-11-25 17:52:53 [JavaFX Application Thread] INFO  org.thejavengers.Main - Iniciando la aplicación JavaFX.
2024-11-25 17:52:53 [JavaFX Application Thread] INFO  org.thejavengers.Main - Aplicación JavaFX iniciada correctamente.
2024-11-25 17:52:55 [JavaFX Application Thread] INFO  o.t.v.c.ControladorPrincipalVista - Navegando a la ventana de Gestión de Excursiones.
2024-11-25 17:52:55 [JavaFX Application Thread] ERROR o.t.v.c.ControladorPrincipalVista - Error al cargar la vista: /ExcursionesVista.fxml
javafx.fxml.LoadException: 
/C:/Users/Admin/OneDrive/UOC_DAM/3er%20semestre/FP058-Programaci%c3%b3n%20orientada%20a%20objetos%20con%20acceso%20a%20BBDD/The%20Javengers%20-%20IntellJ/TheJavengers_IntellJ/target/classes/ExcursionesVista.fxml:12

	at javafx.fxml@21.0.5/javafx.fxml.FXMLLoader.constructLoadException(FXMLLoader.java:2722)
	at javafx.fxml@21.0.5/javafx.fxml.FXMLLoader$ValueElement.processAttribute(FXMLLoader.java:935)
	at javafx.fxml@21.0.5/javafx.fxml.FXMLLoader$InstanceDeclarationElement.processAttribute(FXMLLoader.java:983)
	at javafx.fxml@21.0.5/javafx.fxml.FXMLLoader$Element.processStartElement(FXMLLoader.java:230)
	at javafx.fxml@21.0.5/javafx.fxml.FXMLLoader$ValueElement.processStartElement(FXMLLoader.java:757)
	at javafx.fxml@21.0.5/javafx.fxml.FXMLLoader.processStartElement(FXMLLoader.java:2853)
	at javafx.fxml@21.0.5/javafx.fxml.FXMLLoader.loadImpl(FXMLLoader.java:2649)
	at javafx.fxml@21.0.5/javafx.fxml.FXMLLoader.loadImpl(FXMLLoader.java:2563)
	at javafx.fxml@21.0.5/javafx.fxml.FXMLLoader.load(FXMLLoader.java:2531)
	at org.thejavengers.vista.controladoresVentanas.ControladorPrincipalVista.cargarVista(ControladorPrincipalVista.java:55)
	at org.thejavengers.vista.controladoresVentanas.ControladorPrincipalVista.abrirExcursiones(ControladorPrincipalVista.java:19)
	at java.base/jdk.internal.reflect.DirectMethodHandleAccessor.invoke(DirectMethodHandleAccessor.java:103)
	at java.base/java.lang.reflect.Method.invoke(Method.java:580)
	at com.sun.javafx.reflect.Trampoline.invoke(MethodUtil.java:72)
	at java.base/jdk.internal.reflect.DirectMethodHandleAccessor.invoke(DirectMethodHandleAccessor.java:103)
	at java.base/java.lang.reflect.Method.invoke(Method.java:580)
	at javafx.base@21.0.5/com.sun.javafx.reflect.MethodUtil.invoke(MethodUtil.java:270)
	at javafx.fxml@21.0.5/com.sun.javafx.fxml.MethodHelper.invoke(MethodHelper.java:84)
	at javafx.fxml@21.0.5/javafx.fxml.FXMLLoader$MethodHandler.invoke(FXMLLoader.java:1853)
	at javafx.fxml@21.0.5/javafx.fxml.FXMLLoader$ControllerMethodEventHandler.handle(FXMLLoader.java:1726)
	at javafx.base@21.0.5/com.sun.javafx.event.CompositeEventHandler.dispatchBubblingEvent(CompositeEventHandler.java:86)
	at javafx.base@21.0.5/com.sun.javafx.event.EventHandlerManager.dispatchBubblingEvent(EventHandlerManager.java:232)
	at javafx.base@21.0.5/com.sun.javafx.event.EventHandlerManager.dispatchBubblingEvent(EventHandlerManager.java:189)
	at javafx.base@21.0.5/com.sun.javafx.event.CompositeEventDispatcher.dispatchBubblingEvent(CompositeEventDispatcher.java:59)
	at javafx.base@21.0.5/com.sun.javafx.event.BasicEventDispatcher.dispatchEvent(BasicEventDispatcher.java:58)
	at javafx.base@21.0.5/com.sun.javafx.event.EventDispatchChainImpl.dispatchEvent(EventDispatchChainImpl.java:114)
	at javafx.base@21.0.5/com.sun.javafx.event.BasicEventDispatcher.dispatchEvent(BasicEventDispatcher.java:56)
	at javafx.base@21.0.5/com.sun.javafx.event.EventDispatchChainImpl.dispatchEvent(EventDispatchChainImpl.java:114)
	at javafx.base@21.0.5/com.sun.javafx.event.BasicEventDispatcher.dispatchEvent(BasicEventDispatcher.java:56)
	at javafx.base@21.0.5/com.sun.javafx.event.EventDispatchChainImpl.dispatchEvent(EventDispatchChainImpl.java:114)
	at javafx.base@21.0.5/com.sun.javafx.event.EventUtil.fireEventImpl(EventUtil.java:74)
	at javafx.base@21.0.5/com.sun.javafx.event.EventUtil.fireEvent(EventUtil.java:49)
	at javafx.base@21.0.5/javafx.event.Event.fireEvent(Event.java:198)
	at javafx.graphics@21.0.5/javafx.scene.Node.fireEvent(Node.java:8875)
	at javafx.controls@21.0.5/javafx.scene.control.Button.fire(Button.java:203)
	at javafx.controls@21.0.5/com.sun.javafx.scene.control.behavior.ButtonBehavior.mouseReleased(ButtonBehavior.java:207)
	at javafx.controls@21.0.5/com.sun.javafx.scene.control.inputmap.InputMap.handle(InputMap.java:274)
	at javafx.base@21.0.5/com.sun.javafx.event.CompositeEventHandler$NormalEventHandlerRecord.handleBubblingEvent(CompositeEventHandler.java:247)
	at javafx.base@21.0.5/com.sun.javafx.event.CompositeEventHandler.dispatchBubblingEvent(CompositeEventHandler.java:80)
	at javafx.base@21.0.5/com.sun.javafx.event.EventHandlerManager.dispatchBubblingEvent(EventHandlerManager.java:232)
	at javafx.base@21.0.5/com.sun.javafx.event.EventHandlerManager.dispatchBubblingEvent(EventHandlerManager.java:189)
	at javafx.base@21.0.5/com.sun.javafx.event.CompositeEventDispatcher.dispatchBubblingEvent(CompositeEventDispatcher.java:59)
	at javafx.base@21.0.5/com.sun.javafx.event.BasicEventDispatcher.dispatchEvent(BasicEventDispatcher.java:58)
	at javafx.base@21.0.5/com.sun.javafx.event.EventDispatchChainImpl.dispatchEvent(EventDispatchChainImpl.java:114)
	at javafx.base@21.0.5/com.sun.javafx.event.BasicEventDispatcher.dispatchEvent(BasicEventDispatcher.java:56)
	at javafx.base@21.0.5/com.sun.javafx.event.EventDispatchChainImpl.dispatchEvent(EventDispatchChainImpl.java:114)
	at javafx.base@21.0.5/com.sun.javafx.event.BasicEventDispatcher.dispatchEvent(BasicEventDispatcher.java:56)
	at javafx.base@21.0.5/com.sun.javafx.event.EventDispatchChainImpl.dispatchEvent(EventDispatchChainImpl.java:114)
	at javafx.base@21.0.5/com.sun.javafx.event.EventUtil.fireEventImpl(EventUtil.java:74)
	at javafx.base@21.0.5/com.sun.javafx.event.EventUtil.fireEvent(EventUtil.java:54)
	at javafx.base@21.0.5/javafx.event.Event.fireEvent(Event.java:198)
	at javafx.graphics@21.0.5/javafx.scene.Scene$MouseHandler.process(Scene.java:3984)
	at javafx.graphics@21.0.5/javafx.scene.Scene.processMouseEvent(Scene.java:1890)
	at javafx.graphics@21.0.5/javafx.scene.Scene$ScenePeerListener.mouseEvent(Scene.java:2708)
	at javafx.graphics@21.0.5/com.sun.javafx.tk.quantum.GlassViewEventHandler$MouseEventNotification.run(GlassViewEventHandler.java:411)
	at javafx.graphics@21.0.5/com.sun.javafx.tk.quantum.GlassViewEventHandler$MouseEventNotification.run(GlassViewEventHandler.java:301)
	at java.base/java.security.AccessController.doPrivileged(AccessController.java:400)
	at javafx.graphics@21.0.5/com.sun.javafx.tk.quantum.GlassViewEventHandler.lambda$handleMouseEvent$2(GlassViewEventHandler.java:450)
	at javafx.graphics@21.0.5/com.sun.javafx.tk.quantum.QuantumToolkit.runWithoutRenderLock(QuantumToolkit.java:424)
	at javafx.graphics@21.0.5/com.sun.javafx.tk.quantum.GlassViewEventHandler.handleMouseEvent(GlassViewEventHandler.java:449)
	at javafx.graphics@21.0.5/com.sun.glass.ui.View.handleMouseEvent(View.java:551)
	at javafx.graphics@21.0.5/com.sun.glass.ui.View.notifyMouse(View.java:937)
	at javafx.graphics@21.0.5/com.sun.glass.ui.win.WinApplication._runLoop(Native Method)
	at javafx.graphics@21.0.5/com.sun.glass.ui.win.WinApplication.lambda$runLoop$3(WinApplication.java:185)
	at java.base/java.lang.Thread.run(Thread.java:1583)
Caused by: java.lang.ClassNotFoundException: ExcursionesVista
	at java.base/jdk.internal.loader.BuiltinClassLoader.loadClass(BuiltinClassLoader.java:641)
	at java.base/jdk.internal.loader.ClassLoaders$AppClassLoader.loadClass(ClassLoaders.java:188)
	at java.base/java.lang.ClassLoader.loadClass(ClassLoader.java:526)
	at javafx.fxml@21.0.5/javafx.fxml.FXMLLoader$ValueElement.processAttribute(FXMLLoader.java:933)
	... 63 common frames omitted
2024-11-25 17:52:58 [JavaFX Application Thread] INFO  o.t.v.c.ControladorPrincipalVista - Navegando a la ventana de Gestión de Excursionistas.
2024-11-25 17:52:58 [JavaFX Application Thread] ERROR o.t.v.c.ControladorPrincipalVista - Error al cargar la vista: /ExcursionistaVista.fxml
javafx.fxml.LoadException: 
/C:/Users/Admin/OneDrive/UOC_DAM/3er%20semestre/FP058-Programaci%c3%b3n%20orientada%20a%20objetos%20con%20acceso%20a%20BBDD/The%20Javengers%20-%20IntellJ/TheJavengers_IntellJ/target/classes/ExcursionistaVista.fxml:12

	at javafx.fxml@21.0.5/javafx.fxml.FXMLLoader.constructLoadException(FXMLLoader.java:2722)
	at javafx.fxml@21.0.5/javafx.fxml.FXMLLoader$ValueElement.processAttribute(FXMLLoader.java:935)
	at javafx.fxml@21.0.5/javafx.fxml.FXMLLoader$InstanceDeclarationElement.processAttribute(FXMLLoader.java:983)
	at javafx.fxml@21.0.5/javafx.fxml.FXMLLoader$Element.processStartElement(FXMLLoader.java:230)
	at javafx.fxml@21.0.5/javafx.fxml.FXMLLoader$ValueElement.processStartElement(FXMLLoader.java:757)
	at javafx.fxml@21.0.5/javafx.fxml.FXMLLoader.processStartElement(FXMLLoader.java:2853)
	at javafx.fxml@21.0.5/javafx.fxml.FXMLLoader.loadImpl(FXMLLoader.java:2649)
	at javafx.fxml@21.0.5/javafx.fxml.FXMLLoader.loadImpl(FXMLLoader.java:2563)
	at javafx.fxml@21.0.5/javafx.fxml.FXMLLoader.load(FXMLLoader.java:2531)
	at org.thejavengers.vista.controladoresVentanas.ControladorPrincipalVista.cargarVista(ControladorPrincipalVista.java:55)
	at org.thejavengers.vista.controladoresVentanas.ControladorPrincipalVista.abrirExcursionistas(ControladorPrincipalVista.java:25)
	at java.base/jdk.internal.reflect.DirectMethodHandleAccessor.invoke(DirectMethodHandleAccessor.java:103)
	at java.base/java.lang.reflect.Method.invoke(Method.java:580)
	at com.sun.javafx.reflect.Trampoline.invoke(MethodUtil.java:72)
	at java.base/jdk.internal.reflect.DirectMethodHandleAccessor.invoke(DirectMethodHandleAccessor.java:103)
	at java.base/java.lang.reflect.Method.invoke(Method.java:580)
	at javafx.base@21.0.5/com.sun.javafx.reflect.MethodUtil.invoke(MethodUtil.java:270)
	at javafx.fxml@21.0.5/com.sun.javafx.fxml.MethodHelper.invoke(MethodHelper.java:84)
	at javafx.fxml@21.0.5/javafx.fxml.FXMLLoader$MethodHandler.invoke(FXMLLoader.java:1853)
	at javafx.fxml@21.0.5/javafx.fxml.FXMLLoader$ControllerMethodEventHandler.handle(FXMLLoader.java:1726)
	at javafx.base@21.0.5/com.sun.javafx.event.CompositeEventHandler.dispatchBubblingEvent(CompositeEventHandler.java:86)
	at javafx.base@21.0.5/com.sun.javafx.event.EventHandlerManager.dispatchBubblingEvent(EventHandlerManager.java:232)
	at javafx.base@21.0.5/com.sun.javafx.event.EventHandlerManager.dispatchBubblingEvent(EventHandlerManager.java:189)
	at javafx.base@21.0.5/com.sun.javafx.event.CompositeEventDispatcher.dispatchBubblingEvent(CompositeEventDispatcher.java:59)
	at javafx.base@21.0.5/com.sun.javafx.event.BasicEventDispatcher.dispatchEvent(BasicEventDispatcher.java:58)
	at javafx.base@21.0.5/com.sun.javafx.event.EventDispatchChainImpl.dispatchEvent(EventDispatchChainImpl.java:114)
	at javafx.base@21.0.5/com.sun.javafx.event.BasicEventDispatcher.dispatchEvent(BasicEventDispatcher.java:56)
	at javafx.base@21.0.5/com.sun.javafx.event.EventDispatchChainImpl.dispatchEvent(EventDispatchChainImpl.java:114)
	at javafx.base@21.0.5/com.sun.javafx.event.BasicEventDispatcher.dispatchEvent(BasicEventDispatcher.java:56)
	at javafx.base@21.0.5/com.sun.javafx.event.EventDispatchChainImpl.dispatchEvent(EventDispatchChainImpl.java:114)
	at javafx.base@21.0.5/com.sun.javafx.event.EventUtil.fireEventImpl(EventUtil.java:74)
	at javafx.base@21.0.5/com.sun.javafx.event.EventUtil.fireEvent(EventUtil.java:49)
	at javafx.base@21.0.5/javafx.event.Event.fireEvent(Event.java:198)
	at javafx.graphics@21.0.5/javafx.scene.Node.fireEvent(Node.java:8875)
	at javafx.controls@21.0.5/javafx.scene.control.Button.fire(Button.java:203)
	at javafx.controls@21.0.5/com.sun.javafx.scene.control.behavior.ButtonBehavior.mouseReleased(ButtonBehavior.java:207)
	at javafx.controls@21.0.5/com.sun.javafx.scene.control.inputmap.InputMap.handle(InputMap.java:274)
	at javafx.base@21.0.5/com.sun.javafx.event.CompositeEventHandler$NormalEventHandlerRecord.handleBubblingEvent(CompositeEventHandler.java:247)
	at javafx.base@21.0.5/com.sun.javafx.event.CompositeEventHandler.dispatchBubblingEvent(CompositeEventHandler.java:80)
	at javafx.base@21.0.5/com.sun.javafx.event.EventHandlerManager.dispatchBubblingEvent(EventHandlerManager.java:232)
	at javafx.base@21.0.5/com.sun.javafx.event.EventHandlerManager.dispatchBubblingEvent(EventHandlerManager.java:189)
	at javafx.base@21.0.5/com.sun.javafx.event.CompositeEventDispatcher.dispatchBubblingEvent(CompositeEventDispatcher.java:59)
	at javafx.base@21.0.5/com.sun.javafx.event.BasicEventDispatcher.dispatchEvent(BasicEventDispatcher.java:58)
	at javafx.base@21.0.5/com.sun.javafx.event.EventDispatchChainImpl.dispatchEvent(EventDispatchChainImpl.java:114)
	at javafx.base@21.0.5/com.sun.javafx.event.BasicEventDispatcher.dispatchEvent(BasicEventDispatcher.java:56)
	at javafx.base@21.0.5/com.sun.javafx.event.EventDispatchChainImpl.dispatchEvent(EventDispatchChainImpl.java:114)
	at javafx.base@21.0.5/com.sun.javafx.event.BasicEventDispatcher.dispatchEvent(BasicEventDispatcher.java:56)
	at javafx.base@21.0.5/com.sun.javafx.event.EventDispatchChainImpl.dispatchEvent(EventDispatchChainImpl.java:114)
	at javafx.base@21.0.5/com.sun.javafx.event.EventUtil.fireEventImpl(EventUtil.java:74)
	at javafx.base@21.0.5/com.sun.javafx.event.EventUtil.fireEvent(EventUtil.java:54)
	at javafx.base@21.0.5/javafx.event.Event.fireEvent(Event.java:198)
	at javafx.graphics@21.0.5/javafx.scene.Scene$MouseHandler.process(Scene.java:3984)
	at javafx.graphics@21.0.5/javafx.scene.Scene.processMouseEvent(Scene.java:1890)
	at javafx.graphics@21.0.5/javafx.scene.Scene$ScenePeerListener.mouseEvent(Scene.java:2708)
	at javafx.graphics@21.0.5/com.sun.javafx.tk.quantum.GlassViewEventHandler$MouseEventNotification.run(GlassViewEventHandler.java:411)
	at javafx.graphics@21.0.5/com.sun.javafx.tk.quantum.GlassViewEventHandler$MouseEventNotification.run(GlassViewEventHandler.java:301)
	at java.base/java.security.AccessController.doPrivileged(AccessController.java:400)
	at javafx.graphics@21.0.5/com.sun.javafx.tk.quantum.GlassViewEventHandler.lambda$handleMouseEvent$2(GlassViewEventHandler.java:450)
	at javafx.graphics@21.0.5/com.sun.javafx.tk.quantum.QuantumToolkit.runWithoutRenderLock(QuantumToolkit.java:424)
	at javafx.graphics@21.0.5/com.sun.javafx.tk.quantum.GlassViewEventHandler.handleMouseEvent(GlassViewEventHandler.java:449)
	at javafx.graphics@21.0.5/com.sun.glass.ui.View.handleMouseEvent(View.java:551)
	at javafx.graphics@21.0.5/com.sun.glass.ui.View.notifyMouse(View.java:937)
	at javafx.graphics@21.0.5/com.sun.glass.ui.win.WinApplication._runLoop(Native Method)
	at javafx.graphics@21.0.5/com.sun.glass.ui.win.WinApplication.lambda$runLoop$3(WinApplication.java:185)
	at java.base/java.lang.Thread.run(Thread.java:1583)
Caused by: java.lang.ClassNotFoundException: ExcursionistaVista
	at java.base/jdk.internal.loader.BuiltinClassLoader.loadClass(BuiltinClassLoader.java:641)
	at java.base/jdk.internal.loader.ClassLoaders$AppClassLoader.loadClass(ClassLoaders.java:188)
	at java.base/java.lang.ClassLoader.loadClass(ClassLoader.java:526)
	at javafx.fxml@21.0.5/javafx.fxml.FXMLLoader$ValueElement.processAttribute(FXMLLoader.java:933)
	... 63 common frames omitted
2024-11-25 17:52:59 [JavaFX Application Thread] INFO  o.t.v.c.ControladorPrincipalVista - Navegando a la ventana de Gestión de Inscripciones.
2024-11-25 17:52:59 [JavaFX Application Thread] ERROR o.t.v.c.ControladorPrincipalVista - Error al cargar la vista: /InscripcionesVista.fxml
javafx.fxml.LoadException: 
/C:/Users/Admin/OneDrive/UOC_DAM/3er%20semestre/FP058-Programaci%c3%b3n%20orientada%20a%20objetos%20con%20acceso%20a%20BBDD/The%20Javengers%20-%20IntellJ/TheJavengers_IntellJ/target/classes/InscripcionesVista.fxml:12

	at javafx.fxml@21.0.5/javafx.fxml.FXMLLoader.constructLoadException(FXMLLoader.java:2722)
	at javafx.fxml@21.0.5/javafx.fxml.FXMLLoader$ValueElement.processAttribute(FXMLLoader.java:935)
	at javafx.fxml@21.0.5/javafx.fxml.FXMLLoader$InstanceDeclarationElement.processAttribute(FXMLLoader.java:983)
	at javafx.fxml@21.0.5/javafx.fxml.FXMLLoader$Element.processStartElement(FXMLLoader.java:230)
	at javafx.fxml@21.0.5/javafx.fxml.FXMLLoader$ValueElement.processStartElement(FXMLLoader.java:757)
	at javafx.fxml@21.0.5/javafx.fxml.FXMLLoader.processStartElement(FXMLLoader.java:2853)
	at javafx.fxml@21.0.5/javafx.fxml.FXMLLoader.loadImpl(FXMLLoader.java:2649)
	at javafx.fxml@21.0.5/javafx.fxml.FXMLLoader.loadImpl(FXMLLoader.java:2563)
	at javafx.fxml@21.0.5/javafx.fxml.FXMLLoader.load(FXMLLoader.java:2531)
	at org.thejavengers.vista.controladoresVentanas.ControladorPrincipalVista.cargarVista(ControladorPrincipalVista.java:55)
	at org.thejavengers.vista.controladoresVentanas.ControladorPrincipalVista.abrirInscripciones(ControladorPrincipalVista.java:31)
	at java.base/jdk.internal.reflect.DirectMethodHandleAccessor.invoke(DirectMethodHandleAccessor.java:103)
	at java.base/java.lang.reflect.Method.invoke(Method.java:580)
	at com.sun.javafx.reflect.Trampoline.invoke(MethodUtil.java:72)
	at java.base/jdk.internal.reflect.DirectMethodHandleAccessor.invoke(DirectMethodHandleAccessor.java:103)
	at java.base/java.lang.reflect.Method.invoke(Method.java:580)
	at javafx.base@21.0.5/com.sun.javafx.reflect.MethodUtil.invoke(MethodUtil.java:270)
	at javafx.fxml@21.0.5/com.sun.javafx.fxml.MethodHelper.invoke(MethodHelper.java:84)
	at javafx.fxml@21.0.5/javafx.fxml.FXMLLoader$MethodHandler.invoke(FXMLLoader.java:1853)
	at javafx.fxml@21.0.5/javafx.fxml.FXMLLoader$ControllerMethodEventHandler.handle(FXMLLoader.java:1726)
	at javafx.base@21.0.5/com.sun.javafx.event.CompositeEventHandler.dispatchBubblingEvent(CompositeEventHandler.java:86)
	at javafx.base@21.0.5/com.sun.javafx.event.EventHandlerManager.dispatchBubblingEvent(EventHandlerManager.java:232)
	at javafx.base@21.0.5/com.sun.javafx.event.EventHandlerManager.dispatchBubblingEvent(EventHandlerManager.java:189)
	at javafx.base@21.0.5/com.sun.javafx.event.CompositeEventDispatcher.dispatchBubblingEvent(CompositeEventDispatcher.java:59)
	at javafx.base@21.0.5/com.sun.javafx.event.BasicEventDispatcher.dispatchEvent(BasicEventDispatcher.java:58)
	at javafx.base@21.0.5/com.sun.javafx.event.EventDispatchChainImpl.dispatchEvent(EventDispatchChainImpl.java:114)
	at javafx.base@21.0.5/com.sun.javafx.event.BasicEventDispatcher.dispatchEvent(BasicEventDispatcher.java:56)
	at javafx.base@21.0.5/com.sun.javafx.event.EventDispatchChainImpl.dispatchEvent(EventDispatchChainImpl.java:114)
	at javafx.base@21.0.5/com.sun.javafx.event.BasicEventDispatcher.dispatchEvent(BasicEventDispatcher.java:56)
	at javafx.base@21.0.5/com.sun.javafx.event.EventDispatchChainImpl.dispatchEvent(EventDispatchChainImpl.java:114)
	at javafx.base@21.0.5/com.sun.javafx.event.EventUtil.fireEventImpl(EventUtil.java:74)
	at javafx.base@21.0.5/com.sun.javafx.event.EventUtil.fireEvent(EventUtil.java:49)
	at javafx.base@21.0.5/javafx.event.Event.fireEvent(Event.java:198)
	at javafx.graphics@21.0.5/javafx.scene.Node.fireEvent(Node.java:8875)
	at javafx.controls@21.0.5/javafx.scene.control.Button.fire(Button.java:203)
	at javafx.controls@21.0.5/com.sun.javafx.scene.control.behavior.ButtonBehavior.mouseReleased(ButtonBehavior.java:207)
	at javafx.controls@21.0.5/com.sun.javafx.scene.control.inputmap.InputMap.handle(InputMap.java:274)
	at javafx.base@21.0.5/com.sun.javafx.event.CompositeEventHandler$NormalEventHandlerRecord.handleBubblingEvent(CompositeEventHandler.java:247)
	at javafx.base@21.0.5/com.sun.javafx.event.CompositeEventHandler.dispatchBubblingEvent(CompositeEventHandler.java:80)
	at javafx.base@21.0.5/com.sun.javafx.event.EventHandlerManager.dispatchBubblingEvent(EventHandlerManager.java:232)
	at javafx.base@21.0.5/com.sun.javafx.event.EventHandlerManager.dispatchBubblingEvent(EventHandlerManager.java:189)
	at javafx.base@21.0.5/com.sun.javafx.event.CompositeEventDispatcher.dispatchBubblingEvent(CompositeEventDispatcher.java:59)
	at javafx.base@21.0.5/com.sun.javafx.event.BasicEventDispatcher.dispatchEvent(BasicEventDispatcher.java:58)
	at javafx.base@21.0.5/com.sun.javafx.event.EventDispatchChainImpl.dispatchEvent(EventDispatchChainImpl.java:114)
	at javafx.base@21.0.5/com.sun.javafx.event.BasicEventDispatcher.dispatchEvent(BasicEventDispatcher.java:56)
	at javafx.base@21.0.5/com.sun.javafx.event.EventDispatchChainImpl.dispatchEvent(EventDispatchChainImpl.java:114)
	at javafx.base@21.0.5/com.sun.javafx.event.BasicEventDispatcher.dispatchEvent(BasicEventDispatcher.java:56)
	at javafx.base@21.0.5/com.sun.javafx.event.EventDispatchChainImpl.dispatchEvent(EventDispatchChainImpl.java:114)
	at javafx.base@21.0.5/com.sun.javafx.event.EventUtil.fireEventImpl(EventUtil.java:74)
	at javafx.base@21.0.5/com.sun.javafx.event.EventUtil.fireEvent(EventUtil.java:54)
	at javafx.base@21.0.5/javafx.event.Event.fireEvent(Event.java:198)
	at javafx.graphics@21.0.5/javafx.scene.Scene$MouseHandler.process(Scene.java:3984)
	at javafx.graphics@21.0.5/javafx.scene.Scene.processMouseEvent(Scene.java:1890)
	at javafx.graphics@21.0.5/javafx.scene.Scene$ScenePeerListener.mouseEvent(Scene.java:2708)
	at javafx.graphics@21.0.5/com.sun.javafx.tk.quantum.GlassViewEventHandler$MouseEventNotification.run(GlassViewEventHandler.java:411)
	at javafx.graphics@21.0.5/com.sun.javafx.tk.quantum.GlassViewEventHandler$MouseEventNotification.run(GlassViewEventHandler.java:301)
	at java.base/java.security.AccessController.doPrivileged(AccessController.java:400)
	at javafx.graphics@21.0.5/com.sun.javafx.tk.quantum.GlassViewEventHandler.lambda$handleMouseEvent$2(GlassViewEventHandler.java:450)
	at javafx.graphics@21.0.5/com.sun.javafx.tk.quantum.QuantumToolkit.runWithoutRenderLock(QuantumToolkit.java:424)
	at javafx.graphics@21.0.5/com.sun.javafx.tk.quantum.GlassViewEventHandler.handleMouseEvent(GlassViewEventHandler.java:449)
	at javafx.graphics@21.0.5/com.sun.glass.ui.View.handleMouseEvent(View.java:551)
	at javafx.graphics@21.0.5/com.sun.glass.ui.View.notifyMouse(View.java:937)
	at javafx.graphics@21.0.5/com.sun.glass.ui.win.WinApplication._runLoop(Native Method)
	at javafx.graphics@21.0.5/com.sun.glass.ui.win.WinApplication.lambda$runLoop$3(WinApplication.java:185)
	at java.base/java.lang.Thread.run(Thread.java:1583)
Caused by: java.lang.ClassNotFoundException: InscripcionesVista
	at java.base/jdk.internal.loader.BuiltinClassLoader.loadClass(BuiltinClassLoader.java:641)
	at java.base/jdk.internal.loader.ClassLoaders$AppClassLoader.loadClass(ClassLoaders.java:188)
	at java.base/java.lang.ClassLoader.loadClass(ClassLoader.java:526)
	at javafx.fxml@21.0.5/javafx.fxml.FXMLLoader$ValueElement.processAttribute(FXMLLoader.java:933)
	... 63 common frames omitted
2024-11-25 17:53:01 [JavaFX Application Thread] INFO  o.t.v.c.ControladorPrincipalVista - Navegando a la ventana de Gestión de Socios.
2024-11-25 17:53:01 [JavaFX Application Thread] ERROR o.t.v.c.ControladorPrincipalVista - Error al cargar la vista: /SociosVista.fxml
javafx.fxml.LoadException: 
/C:/Users/Admin/OneDrive/UOC_DAM/3er%20semestre/FP058-Programaci%c3%b3n%20orientada%20a%20objetos%20con%20acceso%20a%20BBDD/The%20Javengers%20-%20IntellJ/TheJavengers_IntellJ/target/classes/SociosVista.fxml:12

	at javafx.fxml@21.0.5/javafx.fxml.FXMLLoader.constructLoadException(FXMLLoader.java:2722)
	at javafx.fxml@21.0.5/javafx.fxml.FXMLLoader$ValueElement.processAttribute(FXMLLoader.java:935)
	at javafx.fxml@21.0.5/javafx.fxml.FXMLLoader$InstanceDeclarationElement.processAttribute(FXMLLoader.java:983)
	at javafx.fxml@21.0.5/javafx.fxml.FXMLLoader$Element.processStartElement(FXMLLoader.java:230)
	at javafx.fxml@21.0.5/javafx.fxml.FXMLLoader$ValueElement.processStartElement(FXMLLoader.java:757)
	at javafx.fxml@21.0.5/javafx.fxml.FXMLLoader.processStartElement(FXMLLoader.java:2853)
	at javafx.fxml@21.0.5/javafx.fxml.FXMLLoader.loadImpl(FXMLLoader.java:2649)
	at javafx.fxml@21.0.5/javafx.fxml.FXMLLoader.loadImpl(FXMLLoader.java:2563)
	at javafx.fxml@21.0.5/javafx.fxml.FXMLLoader.load(FXMLLoader.java:2531)
	at org.thejavengers.vista.controladoresVentanas.ControladorPrincipalVista.cargarVista(ControladorPrincipalVista.java:55)
	at org.thejavengers.vista.controladoresVentanas.ControladorPrincipalVista.abrirSocios(ControladorPrincipalVista.java:37)
	at java.base/jdk.internal.reflect.DirectMethodHandleAccessor.invoke(DirectMethodHandleAccessor.java:103)
	at java.base/java.lang.reflect.Method.invoke(Method.java:580)
	at com.sun.javafx.reflect.Trampoline.invoke(MethodUtil.java:72)
	at java.base/jdk.internal.reflect.DirectMethodHandleAccessor.invoke(DirectMethodHandleAccessor.java:103)
	at java.base/java.lang.reflect.Method.invoke(Method.java:580)
	at javafx.base@21.0.5/com.sun.javafx.reflect.MethodUtil.invoke(MethodUtil.java:270)
	at javafx.fxml@21.0.5/com.sun.javafx.fxml.MethodHelper.invoke(MethodHelper.java:84)
	at javafx.fxml@21.0.5/javafx.fxml.FXMLLoader$MethodHandler.invoke(FXMLLoader.java:1853)
	at javafx.fxml@21.0.5/javafx.fxml.FXMLLoader$ControllerMethodEventHandler.handle(FXMLLoader.java:1726)
	at javafx.base@21.0.5/com.sun.javafx.event.CompositeEventHandler.dispatchBubblingEvent(CompositeEventHandler.java:86)
	at javafx.base@21.0.5/com.sun.javafx.event.EventHandlerManager.dispatchBubblingEvent(EventHandlerManager.java:232)
	at javafx.base@21.0.5/com.sun.javafx.event.EventHandlerManager.dispatchBubblingEvent(EventHandlerManager.java:189)
	at javafx.base@21.0.5/com.sun.javafx.event.CompositeEventDispatcher.dispatchBubblingEvent(CompositeEventDispatcher.java:59)
	at javafx.base@21.0.5/com.sun.javafx.event.BasicEventDispatcher.dispatchEvent(BasicEventDispatcher.java:58)
	at javafx.base@21.0.5/com.sun.javafx.event.EventDispatchChainImpl.dispatchEvent(EventDispatchChainImpl.java:114)
	at javafx.base@21.0.5/com.sun.javafx.event.BasicEventDispatcher.dispatchEvent(BasicEventDispatcher.java:56)
	at javafx.base@21.0.5/com.sun.javafx.event.EventDispatchChainImpl.dispatchEvent(EventDispatchChainImpl.java:114)
	at javafx.base@21.0.5/com.sun.javafx.event.BasicEventDispatcher.dispatchEvent(BasicEventDispatcher.java:56)
	at javafx.base@21.0.5/com.sun.javafx.event.EventDispatchChainImpl.dispatchEvent(EventDispatchChainImpl.java:114)
	at javafx.base@21.0.5/com.sun.javafx.event.EventUtil.fireEventImpl(EventUtil.java:74)
	at javafx.base@21.0.5/com.sun.javafx.event.EventUtil.fireEvent(EventUtil.java:49)
	at javafx.base@21.0.5/javafx.event.Event.fireEvent(Event.java:198)
	at javafx.graphics@21.0.5/javafx.scene.Node.fireEvent(Node.java:8875)
	at javafx.controls@21.0.5/javafx.scene.control.Button.fire(Button.java:203)
	at javafx.controls@21.0.5/com.sun.javafx.scene.control.behavior.ButtonBehavior.mouseReleased(ButtonBehavior.java:207)
	at javafx.controls@21.0.5/com.sun.javafx.scene.control.inputmap.InputMap.handle(InputMap.java:274)
	at javafx.base@21.0.5/com.sun.javafx.event.CompositeEventHandler$NormalEventHandlerRecord.handleBubblingEvent(CompositeEventHandler.java:247)
	at javafx.base@21.0.5/com.sun.javafx.event.CompositeEventHandler.dispatchBubblingEvent(CompositeEventHandler.java:80)
	at javafx.base@21.0.5/com.sun.javafx.event.EventHandlerManager.dispatchBubblingEvent(EventHandlerManager.java:232)
	at javafx.base@21.0.5/com.sun.javafx.event.EventHandlerManager.dispatchBubblingEvent(EventHandlerManager.java:189)
	at javafx.base@21.0.5/com.sun.javafx.event.CompositeEventDispatcher.dispatchBubblingEvent(CompositeEventDispatcher.java:59)
	at javafx.base@21.0.5/com.sun.javafx.event.BasicEventDispatcher.dispatchEvent(BasicEventDispatcher.java:58)
	at javafx.base@21.0.5/com.sun.javafx.event.EventDispatchChainImpl.dispatchEvent(EventDispatchChainImpl.java:114)
	at javafx.base@21.0.5/com.sun.javafx.event.BasicEventDispatcher.dispatchEvent(BasicEventDispatcher.java:56)
	at javafx.base@21.0.5/com.sun.javafx.event.EventDispatchChainImpl.dispatchEvent(EventDispatchChainImpl.java:114)
	at javafx.base@21.0.5/com.sun.javafx.event.BasicEventDispatcher.dispatchEvent(BasicEventDispatcher.java:56)
	at javafx.base@21.0.5/com.sun.javafx.event.EventDispatchChainImpl.dispatchEvent(EventDispatchChainImpl.java:114)
	at javafx.base@21.0.5/com.sun.javafx.event.EventUtil.fireEventImpl(EventUtil.java:74)
	at javafx.base@21.0.5/com.sun.javafx.event.EventUtil.fireEvent(EventUtil.java:54)
	at javafx.base@21.0.5/javafx.event.Event.fireEvent(Event.java:198)
	at javafx.graphics@21.0.5/javafx.scene.Scene$MouseHandler.process(Scene.java:3984)
	at javafx.graphics@21.0.5/javafx.scene.Scene.processMouseEvent(Scene.java:1890)
	at javafx.graphics@21.0.5/javafx.scene.Scene$ScenePeerListener.mouseEvent(Scene.java:2708)
	at javafx.graphics@21.0.5/com.sun.javafx.tk.quantum.GlassViewEventHandler$MouseEventNotification.run(GlassViewEventHandler.java:411)
	at javafx.graphics@21.0.5/com.sun.javafx.tk.quantum.GlassViewEventHandler$MouseEventNotification.run(GlassViewEventHandler.java:301)
	at java.base/java.security.AccessController.doPrivileged(AccessController.java:400)
	at javafx.graphics@21.0.5/com.sun.javafx.tk.quantum.GlassViewEventHandler.lambda$handleMouseEvent$2(GlassViewEventHandler.java:450)
	at javafx.graphics@21.0.5/com.sun.javafx.tk.quantum.QuantumToolkit.runWithoutRenderLock(QuantumToolkit.java:424)
	at javafx.graphics@21.0.5/com.sun.javafx.tk.quantum.GlassViewEventHandler.handleMouseEvent(GlassViewEventHandler.java:449)
	at javafx.graphics@21.0.5/com.sun.glass.ui.View.handleMouseEvent(View.java:551)
	at javafx.graphics@21.0.5/com.sun.glass.ui.View.notifyMouse(View.java:937)
	at javafx.graphics@21.0.5/com.sun.glass.ui.win.WinApplication._runLoop(Native Method)
	at javafx.graphics@21.0.5/com.sun.glass.ui.win.WinApplication.lambda$runLoop$3(WinApplication.java:185)
	at java.base/java.lang.Thread.run(Thread.java:1583)
Caused by: java.lang.ClassNotFoundException: SociosVista
	at java.base/jdk.internal.loader.BuiltinClassLoader.loadClass(BuiltinClassLoader.java:641)
	at java.base/jdk.internal.loader.ClassLoaders$AppClassLoader.loadClass(ClassLoaders.java:188)
	at java.base/java.lang.ClassLoader.loadClass(ClassLoader.java:526)
	at javafx.fxml@21.0.5/javafx.fxml.FXMLLoader$ValueElement.processAttribute(FXMLLoader.java:933)
	... 63 common frames omitted
2024-11-25 17:53:03 [JavaFX Application Thread] INFO  o.t.v.c.ControladorPrincipalVista - Saliendo de la aplicación.
2024-11-25 18:10:01 [main] INFO  org.thejavengers.Main - Inicio de la aplicación.
2024-11-25 18:10:01 [JavaFX Application Thread] INFO  org.thejavengers.Main - Iniciando la aplicación JavaFX.
2024-11-25 18:10:02 [JavaFX Application Thread] INFO  org.thejavengers.Main - Aplicación JavaFX iniciada correctamente.
2024-11-25 18:10:04 [JavaFX Application Thread] INFO  o.t.v.c.ControladorPrincipalVista - Navegando a la ventana de Gestión de Excursiones.
2024-11-25 18:10:15 [JavaFX Application Thread] INFO  o.t.v.c.ControladorExcursionesVista - Volviendo al menú principal.
2024-11-25 18:10:17 [JavaFX Application Thread] INFO  o.t.v.c.ControladorExcursionesVista - Volviendo al menú principal.
2024-11-25 18:10:18 [JavaFX Application Thread] INFO  o.t.v.c.ControladorExcursionesVista - Volviendo al menú principal.
2024-11-25 18:10:28 [main] INFO  org.thejavengers.Main - Aplicación finalizada.
2024-11-25 18:10:28 [main] INFO  o.t.c.ControladorExcursiones - ControladorExcursiones inicializado correctamente.
2024-11-25 18:28:55 [main] INFO  org.thejavengers.Main - Inicio de la aplicación.
2024-11-25 18:28:55 [JavaFX Application Thread] INFO  org.thejavengers.Main - Iniciando la aplicación JavaFX.
2024-11-25 18:28:56 [JavaFX Application Thread] INFO  org.thejavengers.Main - Aplicación JavaFX iniciada correctamente.
2024-11-25 18:28:57 [JavaFX Application Thread] INFO  o.t.v.c.ControladorPrincipalVista - Navegando a la ventana de Gestión de Excursiones.
2024-11-25 18:29:01 [main] INFO  org.thejavengers.Main - Aplicación finalizada.
2024-11-25 18:29:01 [main] INFO  o.t.c.ControladorExcursiones - ControladorExcursiones inicializado correctamente.
2024-11-25 18:43:56 [main] INFO  org.thejavengers.Main - Inicio de la aplicación.
2024-11-25 18:43:56 [JavaFX Application Thread] INFO  org.thejavengers.Main - Iniciando la aplicación JavaFX.
2024-11-25 18:43:57 [JavaFX Application Thread] ERROR org.thejavengers.Main - Error crítico al iniciar la aplicación.
javafx.fxml.LoadException: Error resolving onAction='#abrirExcursiones', either the event handler is not in the Namespace or there is an error in the script.
/C:/Users/Admin/OneDrive/UOC_DAM/3er%20semestre/FP058-Programaci%c3%b3n%20orientada%20a%20objetos%20con%20acceso%20a%20BBDD/The%20Javengers%20-%20IntellJ/TheJavengers_IntellJ/target/classes/application.fxml:31

	at javafx.fxml@21.0.5/javafx.fxml.FXMLLoader.constructLoadException(FXMLLoader.java:2718)
	at javafx.fxml@21.0.5/javafx.fxml.FXMLLoader$Element.processEventHandlerAttributes(FXMLLoader.java:623)
	at javafx.fxml@21.0.5/javafx.fxml.FXMLLoader$ValueElement.processEndElement(FXMLLoader.java:783)
	at javafx.fxml@21.0.5/javafx.fxml.FXMLLoader.processEndElement(FXMLLoader.java:2969)
	at javafx.fxml@21.0.5/javafx.fxml.FXMLLoader.loadImpl(FXMLLoader.java:2654)
	at javafx.fxml@21.0.5/javafx.fxml.FXMLLoader.loadImpl(FXMLLoader.java:2563)
	at javafx.fxml@21.0.5/javafx.fxml.FXMLLoader.load(FXMLLoader.java:2531)
	at org.thejavengers.Main.start(Main.java:56)
	at javafx.graphics@21.0.5/com.sun.javafx.application.LauncherImpl.lambda$launchApplication1$9(LauncherImpl.java:839)
	at javafx.graphics@21.0.5/com.sun.javafx.application.PlatformImpl.lambda$runAndWait$12(PlatformImpl.java:483)
	at javafx.graphics@21.0.5/com.sun.javafx.application.PlatformImpl.lambda$runLater$10(PlatformImpl.java:456)
	at java.base/java.security.AccessController.doPrivileged(AccessController.java:400)
	at javafx.graphics@21.0.5/com.sun.javafx.application.PlatformImpl.lambda$runLater$11(PlatformImpl.java:455)
	at javafx.graphics@21.0.5/com.sun.glass.ui.InvokeLaterDispatcher$Future.run(InvokeLaterDispatcher.java:95)
	at javafx.graphics@21.0.5/com.sun.glass.ui.win.WinApplication._runLoop(Native Method)
	at javafx.graphics@21.0.5/com.sun.glass.ui.win.WinApplication.lambda$runLoop$3(WinApplication.java:185)
	at java.base/java.lang.Thread.run(Thread.java:1583)
2024-11-25 18:45:41 [main] INFO  org.thejavengers.Main - Inicio de la aplicación.
2024-11-25 18:45:41 [JavaFX Application Thread] INFO  org.thejavengers.Main - Iniciando la aplicación JavaFX.
2024-11-25 18:45:41 [JavaFX Application Thread] INFO  org.thejavengers.Main - Aplicación JavaFX iniciada correctamente.
2024-11-25 18:45:43 [JavaFX Application Thread] INFO  o.t.v.c.ControladorPrincipalVista - Ventana de Gestión de Excursiones abierta correctamente.
2024-11-25 18:45:45 [JavaFX Application Thread] INFO  o.t.v.c.ControladorExcursionesVista - Volviendo al menú principal.
2024-11-25 18:45:46 [JavaFX Application Thread] INFO  o.t.v.c.ControladorExcursionesVista - Volviendo al menú principal.
2024-11-25 18:45:48 [JavaFX Application Thread] INFO  o.t.v.c.ControladorExcursionesVista - Volviendo al menú principal.
2024-11-25 18:45:51 [JavaFX Application Thread] INFO  o.t.v.c.ControladorPrincipalVista - Saliendo de la aplicación.
2024-11-25 18:46:04 [main] INFO  org.thejavengers.Main - Inicio de la aplicación.
2024-11-25 18:46:04 [JavaFX Application Thread] INFO  org.thejavengers.Main - Iniciando la aplicación JavaFX.
2024-11-25 18:46:04 [JavaFX Application Thread] INFO  org.thejavengers.Main - Aplicación JavaFX iniciada correctamente.
2024-11-25 18:46:06 [JavaFX Application Thread] INFO  o.t.v.c.ControladorPrincipalVista - Ventana de Gestión de Excursiones abierta correctamente.
2024-11-25 18:46:26 [main] INFO  org.thejavengers.Main - Aplicación finalizada.
2024-11-25 18:46:26 [main] INFO  o.t.c.ControladorExcursiones - ControladorExcursiones inicializado correctamente.
