2024-12-04 18:03:54 [main] INFO  org.thejavengers.Main - Inicio de la aplicación JavaFX.
2024-12-04 18:03:54 [JavaFX Application Thread] INFO  org.thejavengers.Main - Iniciando la aplicación JavaFX.
2024-12-04 18:03:55 [JavaFX Application Thread] INFO  org.thejavengers.Main - Aplicación JavaFX iniciada correctamente.
2024-12-04 18:03:56 [JavaFX Application Thread] INFO  o.t.v.g.VistaGestionMenuPrincipal - Navegando a la ventana de Gestión de Excursiones.
2024-12-04 18:03:56 [JavaFX Application Thread] INFO  o.t.v.g.VistaGestionMenuPrincipal - Ventana de Gestión de Excursiones abierta correctamente.
2024-12-04 18:03:56 [JavaFX Application Thread] INFO  o.t.v.g.VistaGestionExcurciones - Intentando abrir la vista para añadir una excursión en una nueva ventana.
2024-12-04 18:03:56 [JavaFX Application Thread] INFO  o.t.v.g.VistaGestionExcurciones - Nueva ventana de 'Añadir Excursión' abierta correctamente.
2024-12-04 18:03:58 [main] INFO  org.thejavengers.Main - Aplicación finalizada exitosamente.
2024-12-04 18:03:58 [main] INFO  o.t.c.ControladorExcursiones - ControladorExcursiones inicializado correctamente.
2024-12-04 18:11:21 [main] INFO  org.thejavengers.Main - Inicio de la aplicación JavaFX.
2024-12-04 18:11:21 [JavaFX Application Thread] INFO  org.thejavengers.Main - Iniciando la aplicación JavaFX.
2024-12-04 18:11:22 [JavaFX Application Thread] INFO  org.thejavengers.Main - Aplicación JavaFX iniciada correctamente.
2024-12-04 18:11:27 [main] INFO  org.thejavengers.Main - Aplicación finalizada exitosamente.
2024-12-04 18:11:27 [main] INFO  o.t.c.ControladorExcursiones - ControladorExcursiones inicializado correctamente.
2024-12-04 18:14:23 [main] INFO  org.thejavengers.Main - Inicio de la aplicación JavaFX.
2024-12-04 18:14:23 [JavaFX Application Thread] INFO  org.thejavengers.Main - Iniciando la aplicación JavaFX.
2024-12-04 18:14:23 [JavaFX Application Thread] ERROR org.thejavengers.Main - Error crítico al iniciar la aplicación.
javafx.fxml.LoadException: Double is not a valid type.
/C:/Users/Admin/OneDrive/UOC_DAM/3er%20semestre/FP058-Programaci%c3%b3n%20orientada%20a%20objetos%20con%20acceso%20a%20BBDD/The%20Javengers%20-%20IntellJ/TheJavengers_IntellJ/target/classes/vistas/application.fxml:31

	at javafx.fxml@21.0.5/javafx.fxml.FXMLLoader.constructLoadException(FXMLLoader.java:2718)
	at javafx.fxml@21.0.5/javafx.fxml.FXMLLoader.createElement(FXMLLoader.java:2920)
	at javafx.fxml@21.0.5/javafx.fxml.FXMLLoader.processStartElement(FXMLLoader.java:2850)
	at javafx.fxml@21.0.5/javafx.fxml.FXMLLoader.loadImpl(FXMLLoader.java:2649)
	at javafx.fxml@21.0.5/javafx.fxml.FXMLLoader.loadImpl(FXMLLoader.java:2563)
	at javafx.fxml@21.0.5/javafx.fxml.FXMLLoader.load(FXMLLoader.java:2531)
	at org.thejavengers.Main.start(Main.java:57)
	at javafx.graphics@21.0.5/com.sun.javafx.application.LauncherImpl.lambda$launchApplication1$9(LauncherImpl.java:839)
	at javafx.graphics@21.0.5/com.sun.javafx.application.PlatformImpl.lambda$runAndWait$12(PlatformImpl.java:483)
	at javafx.graphics@21.0.5/com.sun.javafx.application.PlatformImpl.lambda$runLater$10(PlatformImpl.java:456)
	at java.base/java.security.AccessController.doPrivileged(AccessController.java:400)
	at javafx.graphics@21.0.5/com.sun.javafx.application.PlatformImpl.lambda$runLater$11(PlatformImpl.java:455)
	at javafx.graphics@21.0.5/com.sun.glass.ui.InvokeLaterDispatcher$Future.run$$$capture(InvokeLaterDispatcher.java:95)
	at javafx.graphics@21.0.5/com.sun.glass.ui.InvokeLaterDispatcher$Future.run(InvokeLaterDispatcher.java)
	at javafx.graphics@21.0.5/com.sun.glass.ui.win.WinApplication._runLoop(Native Method)
	at javafx.graphics@21.0.5/com.sun.glass.ui.win.WinApplication.lambda$runLoop$3(WinApplication.java:185)
	at java.base/java.lang.Thread.run(Thread.java:1583)
2024-12-04 18:46:59 [main] INFO  org.thejavengers.Main - Inicio de la aplicación JavaFX.
2024-12-04 18:46:59 [JavaFX Application Thread] INFO  org.thejavengers.Main - Iniciando la aplicación JavaFX.
2024-12-04 18:46:59 [JavaFX Application Thread] ERROR org.thejavengers.Main - Error crítico al iniciar la aplicación.
javafx.fxml.LoadException: 
/C:/Users/Admin/OneDrive/UOC_DAM/3er%20semestre/FP058-Programaci%c3%b3n%20orientada%20a%20objetos%20con%20acceso%20a%20BBDD/The%20Javengers%20-%20IntellJ/TheJavengers_IntellJ/target/classes/vistas/application.fxml:34

	at javafx.fxml@21.0.5/javafx.fxml.FXMLLoader.constructLoadException(FXMLLoader.java:2722)
	at javafx.fxml@21.0.5/javafx.fxml.FXMLLoader.loadImpl(FXMLLoader.java:2700)
	at javafx.fxml@21.0.5/javafx.fxml.FXMLLoader.loadImpl(FXMLLoader.java:2563)
	at javafx.fxml@21.0.5/javafx.fxml.FXMLLoader.load(FXMLLoader.java:2531)
	at org.thejavengers.Main.start(Main.java:57)
	at javafx.graphics@21.0.5/com.sun.javafx.application.LauncherImpl.lambda$launchApplication1$9(LauncherImpl.java:839)
	at javafx.graphics@21.0.5/com.sun.javafx.application.PlatformImpl.lambda$runAndWait$12(PlatformImpl.java:483)
	at javafx.graphics@21.0.5/com.sun.javafx.application.PlatformImpl.lambda$runLater$10(PlatformImpl.java:456)
	at java.base/java.security.AccessController.doPrivileged(AccessController.java:400)
	at javafx.graphics@21.0.5/com.sun.javafx.application.PlatformImpl.lambda$runLater$11(PlatformImpl.java:455)
	at javafx.graphics@21.0.5/com.sun.glass.ui.InvokeLaterDispatcher$Future.run$$$capture(InvokeLaterDispatcher.java:95)
	at javafx.graphics@21.0.5/com.sun.glass.ui.InvokeLaterDispatcher$Future.run(InvokeLaterDispatcher.java)
	at javafx.graphics@21.0.5/com.sun.glass.ui.win.WinApplication._runLoop(Native Method)
	at javafx.graphics@21.0.5/com.sun.glass.ui.win.WinApplication.lambda$runLoop$3(WinApplication.java:185)
	at java.base/java.lang.Thread.run(Thread.java:1583)
Caused by: java.lang.UnsupportedOperationException: Cannot determine type for property.
	at javafx.fxml@21.0.5/com.sun.javafx.fxml.BeanAdapter.getSetterMethod(BeanAdapter.java:178)
	at javafx.fxml@21.0.5/com.sun.javafx.fxml.BeanAdapter.isReadOnly(BeanAdapter.java:306)
	at javafx.fxml@21.0.5/javafx.fxml.FXMLLoader$PropertyElement.<init>(FXMLLoader.java:1379)
	at javafx.fxml@21.0.5/javafx.fxml.FXMLLoader.createElement(FXMLLoader.java:2877)
	at javafx.fxml@21.0.5/javafx.fxml.FXMLLoader.processStartElement(FXMLLoader.java:2850)
	at javafx.fxml@21.0.5/javafx.fxml.FXMLLoader.loadImpl(FXMLLoader.java:2649)
	... 13 common frames omitted
2024-12-04 18:49:06 [main] INFO  org.thejavengers.Main - Inicio de la aplicación JavaFX.
2024-12-04 18:49:06 [JavaFX Application Thread] INFO  org.thejavengers.Main - Iniciando la aplicación JavaFX.
2024-12-04 18:49:06 [JavaFX Application Thread] INFO  org.thejavengers.Main - Aplicación JavaFX iniciada correctamente.
2024-12-04 18:49:09 [JavaFX Application Thread] INFO  o.t.v.g.VistaGestionMenuPrincipal - Navegando a la ventana de Gestión de Excursiones.
2024-12-04 18:49:09 [JavaFX Application Thread] INFO  o.t.v.g.VistaGestionMenuPrincipal - Ventana de Gestión de Excursiones abierta correctamente.
2024-12-04 18:49:12 [JavaFX Application Thread] INFO  o.t.v.g.VistaGestionExcurciones - Intentando volver al menú principal.
2024-12-04 18:49:12 [JavaFX Application Thread] ERROR o.t.v.g.VistaGestionExcurciones - El SceneManager no está configurado. No se puede cambiar la vista.
2024-12-04 18:49:12 [JavaFX Application Thread] ERROR o.t.v.g.VistaGestionExcurciones - Error inesperado al volver al menú principal.
java.lang.IllegalStateException: El SceneManager no está configurado.
	at org.thejavengers.vista.gestionExcursiones.VistaGestionExcurciones.validarSceneManager(VistaGestionExcurciones.java:52)
	at org.thejavengers.vista.gestionExcursiones.VistaGestionExcurciones.manejarVolverMenu(VistaGestionExcurciones.java:133)
	at java.base/jdk.internal.reflect.DirectMethodHandleAccessor.invoke(DirectMethodHandleAccessor.java:103)
	at java.base/java.lang.reflect.Method.invoke(Method.java:580)
	at com.sun.javafx.reflect.Trampoline.invoke(MethodUtil.java:72)
	at java.base/jdk.internal.reflect.DirectMethodHandleAccessor.invoke(DirectMethodHandleAccessor.java:103)
	at java.base/java.lang.reflect.Method.invoke(Method.java:580)
	at javafx.base@21.0.5/com.sun.javafx.reflect.MethodUtil.invoke(MethodUtil.java:270)
	at javafx.fxml@21.0.5/com.sun.javafx.fxml.MethodHelper.invoke(MethodHelper.java:84)
	at javafx.fxml@21.0.5/javafx.fxml.FXMLLoader$MethodHandler.invoke(FXMLLoader.java:1855)
	at javafx.fxml@21.0.5/javafx.fxml.FXMLLoader$ControllerMethodEventHandler.handle(FXMLLoader.java:1726)
	at javafx.base@21.0.5/com.sun.javafx.event.CompositeEventHandler.dispatchBubblingEvent(CompositeEventHandler.java:86)
	at javafx.base@21.0.5/com.sun.javafx.event.EventHandlerManager.dispatchBubblingEvent(EventHandlerManager.java:232)
	at javafx.base@21.0.5/com.sun.javafx.event.EventHandlerManager.dispatchBubblingEvent(EventHandlerManager.java:189)
	at javafx.base@21.0.5/com.sun.javafx.event.CompositeEventDispatcher.dispatchBubblingEvent(CompositeEventDispatcher.java:59)
	at javafx.base@21.0.5/com.sun.javafx.event.BasicEventDispatcher.dispatchEvent(BasicEventDispatcher.java:58)
	at javafx.base@21.0.5/com.sun.javafx.event.EventDispatchChainImpl.dispatchEvent(EventDispatchChainImpl.java:114)
	at javafx.base@21.0.5/com.sun.javafx.event.BasicEventDispatcher.dispatchEvent(BasicEventDispatcher.java:56)
	at javafx.base@21.0.5/com.sun.javafx.event.EventDispatchChainImpl.dispatchEvent(EventDispatchChainImpl.java:114)
	at javafx.base@21.0.5/com.sun.javafx.event.BasicEventDispatcher.dispatchEvent(BasicEventDispatcher.java:56)
	at javafx.base@21.0.5/com.sun.javafx.event.EventDispatchChainImpl.dispatchEvent(EventDispatchChainImpl.java:114)
	at javafx.base@21.0.5/com.sun.javafx.event.EventUtil.fireEventImpl(EventUtil.java:74)
	at javafx.base@21.0.5/com.sun.javafx.event.EventUtil.fireEvent(EventUtil.java:49)
	at javafx.base@21.0.5/javafx.event.Event.fireEvent(Event.java:198)
	at javafx.graphics@21.0.5/javafx.scene.Node.fireEvent(Node.java:8875)
	at javafx.controls@21.0.5/javafx.scene.control.Button.fire(Button.java:203)
	at javafx.controls@21.0.5/com.sun.javafx.scene.control.behavior.ButtonBehavior.mouseReleased(ButtonBehavior.java:207)
	at javafx.controls@21.0.5/com.sun.javafx.scene.control.inputmap.InputMap.handle(InputMap.java:274)
	at javafx.base@21.0.5/com.sun.javafx.event.CompositeEventHandler$NormalEventHandlerRecord.handleBubblingEvent(CompositeEventHandler.java:247)
	at javafx.base@21.0.5/com.sun.javafx.event.CompositeEventHandler.dispatchBubblingEvent(CompositeEventHandler.java:80)
	at javafx.base@21.0.5/com.sun.javafx.event.EventHandlerManager.dispatchBubblingEvent(EventHandlerManager.java:232)
	at javafx.base@21.0.5/com.sun.javafx.event.EventHandlerManager.dispatchBubblingEvent(EventHandlerManager.java:189)
	at javafx.base@21.0.5/com.sun.javafx.event.CompositeEventDispatcher.dispatchBubblingEvent(CompositeEventDispatcher.java:59)
	at javafx.base@21.0.5/com.sun.javafx.event.BasicEventDispatcher.dispatchEvent(BasicEventDispatcher.java:58)
	at javafx.base@21.0.5/com.sun.javafx.event.EventDispatchChainImpl.dispatchEvent(EventDispatchChainImpl.java:114)
	at javafx.base@21.0.5/com.sun.javafx.event.BasicEventDispatcher.dispatchEvent(BasicEventDispatcher.java:56)
	at javafx.base@21.0.5/com.sun.javafx.event.EventDispatchChainImpl.dispatchEvent(EventDispatchChainImpl.java:114)
	at javafx.base@21.0.5/com.sun.javafx.event.BasicEventDispatcher.dispatchEvent(BasicEventDispatcher.java:56)
	at javafx.base@21.0.5/com.sun.javafx.event.EventDispatchChainImpl.dispatchEvent(EventDispatchChainImpl.java:114)
	at javafx.base@21.0.5/com.sun.javafx.event.EventUtil.fireEventImpl(EventUtil.java:74)
	at javafx.base@21.0.5/com.sun.javafx.event.EventUtil.fireEvent(EventUtil.java:54)
	at javafx.base@21.0.5/javafx.event.Event.fireEvent(Event.java:198)
	at javafx.graphics@21.0.5/javafx.scene.Scene$MouseHandler.process(Scene.java:3984)
	at javafx.graphics@21.0.5/javafx.scene.Scene.processMouseEvent(Scene.java:1890)
	at javafx.graphics@21.0.5/javafx.scene.Scene$ScenePeerListener.mouseEvent(Scene.java:2708)
	at javafx.graphics@21.0.5/com.sun.javafx.tk.quantum.GlassViewEventHandler$MouseEventNotification.run(GlassViewEventHandler.java:411)
	at javafx.graphics@21.0.5/com.sun.javafx.tk.quantum.GlassViewEventHandler$MouseEventNotification.run(GlassViewEventHandler.java:301)
	at java.base/java.security.AccessController.doPrivileged(AccessController.java:400)
	at javafx.graphics@21.0.5/com.sun.javafx.tk.quantum.GlassViewEventHandler.lambda$handleMouseEvent$2(GlassViewEventHandler.java:450)
	at javafx.graphics@21.0.5/com.sun.javafx.tk.quantum.QuantumToolkit.runWithoutRenderLock(QuantumToolkit.java:424)
	at javafx.graphics@21.0.5/com.sun.javafx.tk.quantum.GlassViewEventHandler.handleMouseEvent(GlassViewEventHandler.java:449)
	at javafx.graphics@21.0.5/com.sun.glass.ui.View.handleMouseEvent(View.java:551)
	at javafx.graphics@21.0.5/com.sun.glass.ui.View.notifyMouse(View.java:937)
	at javafx.graphics@21.0.5/com.sun.glass.ui.win.WinApplication._runLoop(Native Method)
	at javafx.graphics@21.0.5/com.sun.glass.ui.win.WinApplication.lambda$runLoop$3(WinApplication.java:185)
	at java.base/java.lang.Thread.run(Thread.java:1583)
2024-12-04 18:49:14 [JavaFX Application Thread] INFO  o.t.v.g.VistaGestionExcurciones - Intentando abrir la vista para añadir una excursión en una nueva ventana.
2024-12-04 18:49:14 [JavaFX Application Thread] INFO  o.t.v.g.VistaGestionExcurciones - Nueva ventana de 'Añadir Excursión' abierta correctamente.
2024-12-04 18:49:18 [main] INFO  org.thejavengers.Main - Aplicación finalizada exitosamente.
2024-12-04 18:49:18 [main] INFO  o.t.c.ControladorExcursiones - ControladorExcursiones inicializado correctamente.
2024-12-04 18:52:56 [main] INFO  org.thejavengers.Main - Inicio de la aplicación JavaFX.
2024-12-04 18:52:56 [JavaFX Application Thread] INFO  org.thejavengers.Main - Iniciando la aplicación JavaFX.
2024-12-04 18:52:57 [JavaFX Application Thread] INFO  org.thejavengers.Main - Aplicación JavaFX iniciada correctamente.
2024-12-04 18:53:00 [JavaFX Application Thread] INFO  o.t.v.g.VistaGestionMenuPrincipal - Navegando a la ventana de Gestión de Excursiones.
2024-12-04 18:53:00 [JavaFX Application Thread] INFO  o.t.v.g.VistaGestionMenuPrincipal - Ventana de Gestión de Excursiones abierta correctamente.
2024-12-04 18:53:11 [JavaFX Application Thread] INFO  o.t.v.g.VistaGestionExcurciones - Intentando abrir la vista para añadir una excursión en una nueva ventana.
2024-12-04 18:53:11 [JavaFX Application Thread] INFO  o.t.v.g.VistaGestionExcurciones - Nueva ventana de 'Añadir Excursión' abierta correctamente.
2024-12-04 18:53:16 [main] INFO  org.thejavengers.Main - Aplicación finalizada exitosamente.
2024-12-04 18:53:16 [main] INFO  o.t.c.ControladorExcursiones - ControladorExcursiones inicializado correctamente.
2024-12-04 18:54:01 [main] INFO  org.thejavengers.Main - Inicio de la aplicación JavaFX.
2024-12-04 18:54:01 [JavaFX Application Thread] INFO  org.thejavengers.Main - Iniciando la aplicación JavaFX.
2024-12-04 18:54:02 [JavaFX Application Thread] INFO  org.thejavengers.Main - Aplicación JavaFX iniciada correctamente.
2024-12-04 18:54:11 [JavaFX Application Thread] INFO  o.t.v.g.VistaGestionMenuPrincipal - Navegando a la ventana de Gestión de Inscripciones.
2024-12-04 18:54:11 [JavaFX Application Thread] ERROR o.t.v.g.VistaGestionMenuPrincipal - Error al abrir la ventana de Gestión de Inscripciones.
org.thejavengers.Excepciones.SceneManagerException: Error al cargar la vista desde: /vistas/gestionInscripciones.fxml
	at org.thejavengers.vista.gestionMenuPrincipal.SceneManager.cambiarVista(SceneManager.java:110)
	at org.thejavengers.vista.gestionMenuPrincipal.VistaGestionMenuPrincipal.abrirInscripciones(VistaGestionMenuPrincipal.java:81)
	at java.base/jdk.internal.reflect.DirectMethodHandleAccessor.invoke(DirectMethodHandleAccessor.java:103)
	at java.base/java.lang.reflect.Method.invoke(Method.java:580)
	at com.sun.javafx.reflect.Trampoline.invoke(MethodUtil.java:72)
	at java.base/jdk.internal.reflect.DirectMethodHandleAccessor.invoke(DirectMethodHandleAccessor.java:103)
	at java.base/java.lang.reflect.Method.invoke(Method.java:580)
	at javafx.base@21.0.5/com.sun.javafx.reflect.MethodUtil.invoke(MethodUtil.java:270)
	at javafx.fxml@21.0.5/com.sun.javafx.fxml.MethodHelper.invoke(MethodHelper.java:84)
	at javafx.fxml@21.0.5/javafx.fxml.FXMLLoader$MethodHandler.invoke(FXMLLoader.java:1853)
	at javafx.fxml@21.0.5/javafx.fxml.FXMLLoader$ControllerMethodEventHandler.handle(FXMLLoader.java:1726)
	at javafx.base@21.0.5/com.sun.javafx.event.CompositeEventHandler.dispatchBubblingEvent(CompositeEventHandler.java:86)
	at javafx.base@21.0.5/com.sun.javafx.event.EventHandlerManager.dispatchBubblingEvent(EventHandlerManager.java:232)
	at javafx.base@21.0.5/com.sun.javafx.event.EventHandlerManager.dispatchBubblingEvent(EventHandlerManager.java:189)
	at javafx.base@21.0.5/com.sun.javafx.event.CompositeEventDispatcher.dispatchBubblingEvent(CompositeEventDispatcher.java:59)
	at javafx.base@21.0.5/com.sun.javafx.event.BasicEventDispatcher.dispatchEvent(BasicEventDispatcher.java:58)
	at javafx.base@21.0.5/com.sun.javafx.event.EventDispatchChainImpl.dispatchEvent(EventDispatchChainImpl.java:114)
	at javafx.base@21.0.5/com.sun.javafx.event.BasicEventDispatcher.dispatchEvent(BasicEventDispatcher.java:56)
	at javafx.base@21.0.5/com.sun.javafx.event.EventDispatchChainImpl.dispatchEvent(EventDispatchChainImpl.java:114)
	at javafx.base@21.0.5/com.sun.javafx.event.BasicEventDispatcher.dispatchEvent(BasicEventDispatcher.java:56)
	at javafx.base@21.0.5/com.sun.javafx.event.EventDispatchChainImpl.dispatchEvent(EventDispatchChainImpl.java:114)
	at javafx.base@21.0.5/com.sun.javafx.event.EventUtil.fireEventImpl(EventUtil.java:74)
	at javafx.base@21.0.5/com.sun.javafx.event.EventUtil.fireEvent(EventUtil.java:49)
	at javafx.base@21.0.5/javafx.event.Event.fireEvent(Event.java:198)
	at javafx.graphics@21.0.5/javafx.scene.Node.fireEvent(Node.java:8875)
	at javafx.controls@21.0.5/javafx.scene.control.Button.fire(Button.java:203)
	at javafx.controls@21.0.5/com.sun.javafx.scene.control.behavior.ButtonBehavior.mouseReleased(ButtonBehavior.java:207)
	at javafx.controls@21.0.5/com.sun.javafx.scene.control.inputmap.InputMap.handle(InputMap.java:274)
	at javafx.base@21.0.5/com.sun.javafx.event.CompositeEventHandler$NormalEventHandlerRecord.handleBubblingEvent(CompositeEventHandler.java:247)
	at javafx.base@21.0.5/com.sun.javafx.event.CompositeEventHandler.dispatchBubblingEvent(CompositeEventHandler.java:80)
	at javafx.base@21.0.5/com.sun.javafx.event.EventHandlerManager.dispatchBubblingEvent(EventHandlerManager.java:232)
	at javafx.base@21.0.5/com.sun.javafx.event.EventHandlerManager.dispatchBubblingEvent(EventHandlerManager.java:189)
	at javafx.base@21.0.5/com.sun.javafx.event.CompositeEventDispatcher.dispatchBubblingEvent(CompositeEventDispatcher.java:59)
	at javafx.base@21.0.5/com.sun.javafx.event.BasicEventDispatcher.dispatchEvent(BasicEventDispatcher.java:58)
	at javafx.base@21.0.5/com.sun.javafx.event.EventDispatchChainImpl.dispatchEvent(EventDispatchChainImpl.java:114)
	at javafx.base@21.0.5/com.sun.javafx.event.BasicEventDispatcher.dispatchEvent(BasicEventDispatcher.java:56)
	at javafx.base@21.0.5/com.sun.javafx.event.EventDispatchChainImpl.dispatchEvent(EventDispatchChainImpl.java:114)
	at javafx.base@21.0.5/com.sun.javafx.event.BasicEventDispatcher.dispatchEvent(BasicEventDispatcher.java:56)
	at javafx.base@21.0.5/com.sun.javafx.event.EventDispatchChainImpl.dispatchEvent(EventDispatchChainImpl.java:114)
	at javafx.base@21.0.5/com.sun.javafx.event.EventUtil.fireEventImpl(EventUtil.java:74)
	at javafx.base@21.0.5/com.sun.javafx.event.EventUtil.fireEvent(EventUtil.java:54)
	at javafx.base@21.0.5/javafx.event.Event.fireEvent(Event.java:198)
	at javafx.graphics@21.0.5/javafx.scene.Scene$MouseHandler.process(Scene.java:3984)
	at javafx.graphics@21.0.5/javafx.scene.Scene.processMouseEvent(Scene.java:1890)
	at javafx.graphics@21.0.5/javafx.scene.Scene$ScenePeerListener.mouseEvent(Scene.java:2708)
	at javafx.graphics@21.0.5/com.sun.javafx.tk.quantum.GlassViewEventHandler$MouseEventNotification.run(GlassViewEventHandler.java:411)
	at javafx.graphics@21.0.5/com.sun.javafx.tk.quantum.GlassViewEventHandler$MouseEventNotification.run(GlassViewEventHandler.java:301)
	at java.base/java.security.AccessController.doPrivileged(AccessController.java:400)
	at javafx.graphics@21.0.5/com.sun.javafx.tk.quantum.GlassViewEventHandler.lambda$handleMouseEvent$2(GlassViewEventHandler.java:450)
	at javafx.graphics@21.0.5/com.sun.javafx.tk.quantum.QuantumToolkit.runWithoutRenderLock(QuantumToolkit.java:424)
	at javafx.graphics@21.0.5/com.sun.javafx.tk.quantum.GlassViewEventHandler.handleMouseEvent(GlassViewEventHandler.java:449)
	at javafx.graphics@21.0.5/com.sun.glass.ui.View.handleMouseEvent(View.java:551)
	at javafx.graphics@21.0.5/com.sun.glass.ui.View.notifyMouse(View.java:937)
	at javafx.graphics@21.0.5/com.sun.glass.ui.win.WinApplication._runLoop(Native Method)
	at javafx.graphics@21.0.5/com.sun.glass.ui.win.WinApplication.lambda$runLoop$3(WinApplication.java:185)
	at java.base/java.lang.Thread.run(Thread.java:1583)
Caused by: javafx.fxml.LoadException: 
/C:/Users/Admin/OneDrive/UOC_DAM/3er%20semestre/FP058-Programaci%c3%b3n%20orientada%20a%20objetos%20con%20acceso%20a%20BBDD/The%20Javengers%20-%20IntellJ/TheJavengers_IntellJ/target/classes/vistas/gestionInscripciones.fxml:12

	at javafx.fxml@21.0.5/javafx.fxml.FXMLLoader.constructLoadException(FXMLLoader.java:2722)
	at javafx.fxml@21.0.5/javafx.fxml.FXMLLoader$ValueElement.processAttribute(FXMLLoader.java:935)
	at javafx.fxml@21.0.5/javafx.fxml.FXMLLoader$InstanceDeclarationElement.processAttribute(FXMLLoader.java:983)
	at javafx.fxml@21.0.5/javafx.fxml.FXMLLoader$Element.processStartElement(FXMLLoader.java:230)
	at javafx.fxml@21.0.5/javafx.fxml.FXMLLoader$ValueElement.processStartElement(FXMLLoader.java:757)
	at javafx.fxml@21.0.5/javafx.fxml.FXMLLoader.processStartElement(FXMLLoader.java:2853)
	at javafx.fxml@21.0.5/javafx.fxml.FXMLLoader.loadImpl(FXMLLoader.java:2649)
	at javafx.fxml@21.0.5/javafx.fxml.FXMLLoader.loadImpl(FXMLLoader.java:2563)
	at javafx.fxml@21.0.5/javafx.fxml.FXMLLoader.load(FXMLLoader.java:2531)
	at org.thejavengers.vista.gestionMenuPrincipal.SceneManager.cambiarVista(SceneManager.java:88)
	... 55 common frames omitted
Caused by: java.lang.ClassNotFoundException: gestionInscripciones
	at java.base/jdk.internal.loader.BuiltinClassLoader.loadClass(BuiltinClassLoader.java:641)
	at java.base/jdk.internal.loader.ClassLoaders$AppClassLoader.loadClass(ClassLoaders.java:188)
	at java.base/java.lang.ClassLoader.loadClass(ClassLoader.java:526)
	at javafx.fxml@21.0.5/javafx.fxml.FXMLLoader$ValueElement.processAttribute(FXMLLoader.java:933)
	... 63 common frames omitted
2024-12-04 18:54:15 [JavaFX Application Thread] INFO  o.t.v.g.VistaGestionMenuPrincipal - Navegando a la ventana de Gestión de Socios.
2024-12-04 18:54:15 [JavaFX Application Thread] ERROR o.t.v.g.VistaGestionMenuPrincipal - Error al abrir la ventana de Gestión de Socios.
org.thejavengers.Excepciones.SceneManagerException: Error al cargar la vista desde: /vistas/gestionSocios.fxml
	at org.thejavengers.vista.gestionMenuPrincipal.SceneManager.cambiarVista(SceneManager.java:110)
	at org.thejavengers.vista.gestionMenuPrincipal.VistaGestionMenuPrincipal.abrirSocios(VistaGestionMenuPrincipal.java:96)
	at java.base/jdk.internal.reflect.DirectMethodHandleAccessor.invoke(DirectMethodHandleAccessor.java:103)
	at java.base/java.lang.reflect.Method.invoke(Method.java:580)
	at com.sun.javafx.reflect.Trampoline.invoke(MethodUtil.java:72)
	at java.base/jdk.internal.reflect.DirectMethodHandleAccessor.invoke(DirectMethodHandleAccessor.java:103)
	at java.base/java.lang.reflect.Method.invoke(Method.java:580)
	at javafx.base@21.0.5/com.sun.javafx.reflect.MethodUtil.invoke(MethodUtil.java:270)
	at javafx.fxml@21.0.5/com.sun.javafx.fxml.MethodHelper.invoke(MethodHelper.java:84)
	at javafx.fxml@21.0.5/javafx.fxml.FXMLLoader$MethodHandler.invoke(FXMLLoader.java:1853)
	at javafx.fxml@21.0.5/javafx.fxml.FXMLLoader$ControllerMethodEventHandler.handle(FXMLLoader.java:1726)
	at javafx.base@21.0.5/com.sun.javafx.event.CompositeEventHandler.dispatchBubblingEvent(CompositeEventHandler.java:86)
	at javafx.base@21.0.5/com.sun.javafx.event.EventHandlerManager.dispatchBubblingEvent(EventHandlerManager.java:232)
	at javafx.base@21.0.5/com.sun.javafx.event.EventHandlerManager.dispatchBubblingEvent(EventHandlerManager.java:189)
	at javafx.base@21.0.5/com.sun.javafx.event.CompositeEventDispatcher.dispatchBubblingEvent(CompositeEventDispatcher.java:59)
	at javafx.base@21.0.5/com.sun.javafx.event.BasicEventDispatcher.dispatchEvent(BasicEventDispatcher.java:58)
	at javafx.base@21.0.5/com.sun.javafx.event.EventDispatchChainImpl.dispatchEvent(EventDispatchChainImpl.java:114)
	at javafx.base@21.0.5/com.sun.javafx.event.BasicEventDispatcher.dispatchEvent(BasicEventDispatcher.java:56)
	at javafx.base@21.0.5/com.sun.javafx.event.EventDispatchChainImpl.dispatchEvent(EventDispatchChainImpl.java:114)
	at javafx.base@21.0.5/com.sun.javafx.event.BasicEventDispatcher.dispatchEvent(BasicEventDispatcher.java:56)
	at javafx.base@21.0.5/com.sun.javafx.event.EventDispatchChainImpl.dispatchEvent(EventDispatchChainImpl.java:114)
	at javafx.base@21.0.5/com.sun.javafx.event.EventUtil.fireEventImpl(EventUtil.java:74)
	at javafx.base@21.0.5/com.sun.javafx.event.EventUtil.fireEvent(EventUtil.java:49)
	at javafx.base@21.0.5/javafx.event.Event.fireEvent(Event.java:198)
	at javafx.graphics@21.0.5/javafx.scene.Node.fireEvent(Node.java:8875)
	at javafx.controls@21.0.5/javafx.scene.control.Button.fire(Button.java:203)
	at javafx.controls@21.0.5/com.sun.javafx.scene.control.behavior.ButtonBehavior.mouseReleased(ButtonBehavior.java:207)
	at javafx.controls@21.0.5/com.sun.javafx.scene.control.inputmap.InputMap.handle(InputMap.java:274)
	at javafx.base@21.0.5/com.sun.javafx.event.CompositeEventHandler$NormalEventHandlerRecord.handleBubblingEvent(CompositeEventHandler.java:247)
	at javafx.base@21.0.5/com.sun.javafx.event.CompositeEventHandler.dispatchBubblingEvent(CompositeEventHandler.java:80)
	at javafx.base@21.0.5/com.sun.javafx.event.EventHandlerManager.dispatchBubblingEvent(EventHandlerManager.java:232)
	at javafx.base@21.0.5/com.sun.javafx.event.EventHandlerManager.dispatchBubblingEvent(EventHandlerManager.java:189)
	at javafx.base@21.0.5/com.sun.javafx.event.CompositeEventDispatcher.dispatchBubblingEvent(CompositeEventDispatcher.java:59)
	at javafx.base@21.0.5/com.sun.javafx.event.BasicEventDispatcher.dispatchEvent(BasicEventDispatcher.java:58)
	at javafx.base@21.0.5/com.sun.javafx.event.EventDispatchChainImpl.dispatchEvent(EventDispatchChainImpl.java:114)
	at javafx.base@21.0.5/com.sun.javafx.event.BasicEventDispatcher.dispatchEvent(BasicEventDispatcher.java:56)
	at javafx.base@21.0.5/com.sun.javafx.event.EventDispatchChainImpl.dispatchEvent(EventDispatchChainImpl.java:114)
	at javafx.base@21.0.5/com.sun.javafx.event.BasicEventDispatcher.dispatchEvent(BasicEventDispatcher.java:56)
	at javafx.base@21.0.5/com.sun.javafx.event.EventDispatchChainImpl.dispatchEvent(EventDispatchChainImpl.java:114)
	at javafx.base@21.0.5/com.sun.javafx.event.EventUtil.fireEventImpl(EventUtil.java:74)
	at javafx.base@21.0.5/com.sun.javafx.event.EventUtil.fireEvent(EventUtil.java:54)
	at javafx.base@21.0.5/javafx.event.Event.fireEvent(Event.java:198)
	at javafx.graphics@21.0.5/javafx.scene.Scene$MouseHandler.process(Scene.java:3984)
	at javafx.graphics@21.0.5/javafx.scene.Scene.processMouseEvent(Scene.java:1890)
	at javafx.graphics@21.0.5/javafx.scene.Scene$ScenePeerListener.mouseEvent(Scene.java:2708)
	at javafx.graphics@21.0.5/com.sun.javafx.tk.quantum.GlassViewEventHandler$MouseEventNotification.run(GlassViewEventHandler.java:411)
	at javafx.graphics@21.0.5/com.sun.javafx.tk.quantum.GlassViewEventHandler$MouseEventNotification.run(GlassViewEventHandler.java:301)
	at java.base/java.security.AccessController.doPrivileged(AccessController.java:400)
	at javafx.graphics@21.0.5/com.sun.javafx.tk.quantum.GlassViewEventHandler.lambda$handleMouseEvent$2(GlassViewEventHandler.java:450)
	at javafx.graphics@21.0.5/com.sun.javafx.tk.quantum.QuantumToolkit.runWithoutRenderLock(QuantumToolkit.java:424)
	at javafx.graphics@21.0.5/com.sun.javafx.tk.quantum.GlassViewEventHandler.handleMouseEvent(GlassViewEventHandler.java:449)
	at javafx.graphics@21.0.5/com.sun.glass.ui.View.handleMouseEvent(View.java:551)
	at javafx.graphics@21.0.5/com.sun.glass.ui.View.notifyMouse(View.java:937)
	at javafx.graphics@21.0.5/com.sun.glass.ui.win.WinApplication._runLoop(Native Method)
	at javafx.graphics@21.0.5/com.sun.glass.ui.win.WinApplication.lambda$runLoop$3(WinApplication.java:185)
	at java.base/java.lang.Thread.run(Thread.java:1583)
Caused by: javafx.fxml.LoadException: 
/C:/Users/Admin/OneDrive/UOC_DAM/3er%20semestre/FP058-Programaci%c3%b3n%20orientada%20a%20objetos%20con%20acceso%20a%20BBDD/The%20Javengers%20-%20IntellJ/TheJavengers_IntellJ/target/classes/vistas/gestionSocios.fxml:12

	at javafx.fxml@21.0.5/javafx.fxml.FXMLLoader.constructLoadException(FXMLLoader.java:2722)
	at javafx.fxml@21.0.5/javafx.fxml.FXMLLoader$ValueElement.processAttribute(FXMLLoader.java:935)
	at javafx.fxml@21.0.5/javafx.fxml.FXMLLoader$InstanceDeclarationElement.processAttribute(FXMLLoader.java:983)
	at javafx.fxml@21.0.5/javafx.fxml.FXMLLoader$Element.processStartElement(FXMLLoader.java:230)
	at javafx.fxml@21.0.5/javafx.fxml.FXMLLoader$ValueElement.processStartElement(FXMLLoader.java:757)
	at javafx.fxml@21.0.5/javafx.fxml.FXMLLoader.processStartElement(FXMLLoader.java:2853)
	at javafx.fxml@21.0.5/javafx.fxml.FXMLLoader.loadImpl(FXMLLoader.java:2649)
	at javafx.fxml@21.0.5/javafx.fxml.FXMLLoader.loadImpl(FXMLLoader.java:2563)
	at javafx.fxml@21.0.5/javafx.fxml.FXMLLoader.load(FXMLLoader.java:2531)
	at org.thejavengers.vista.gestionMenuPrincipal.SceneManager.cambiarVista(SceneManager.java:88)
	... 55 common frames omitted
Caused by: java.lang.ClassNotFoundException: gestionSocios
	at java.base/jdk.internal.loader.BuiltinClassLoader.loadClass(BuiltinClassLoader.java:641)
	at java.base/jdk.internal.loader.ClassLoaders$AppClassLoader.loadClass(ClassLoaders.java:188)
	at java.base/java.lang.ClassLoader.loadClass(ClassLoader.java:526)
	at javafx.fxml@21.0.5/javafx.fxml.FXMLLoader$ValueElement.processAttribute(FXMLLoader.java:933)
	... 63 common frames omitted
2024-12-04 18:54:18 [JavaFX Application Thread] INFO  o.t.v.g.VistaGestionMenuPrincipal - Navegando a la ventana de Gestión de Excursiones.
2024-12-04 18:54:18 [JavaFX Application Thread] INFO  o.t.v.g.VistaGestionMenuPrincipal - Ventana de Gestión de Excursiones abierta correctamente.
2024-12-04 18:54:20 [JavaFX Application Thread] INFO  o.t.v.g.VistaGestionExcurciones - Intentando abrir la vista para añadir una excursión en una nueva ventana.
2024-12-04 18:54:21 [JavaFX Application Thread] INFO  o.t.v.g.VistaGestionExcurciones - Nueva ventana de 'Añadir Excursión' abierta correctamente.
2024-12-04 18:54:24 [JavaFX Application Thread] INFO  o.t.v.g.VistaGestionExcurciones - Intentando abrir la vista para filtrar excursiones entre fechas.
2024-12-04 18:54:24 [JavaFX Application Thread] ERROR o.t.v.g.VistaGestionExcurciones - El SceneManager no está configurado. No se puede cambiar la vista.
2024-12-04 18:54:24 [JavaFX Application Thread] ERROR o.t.v.g.VistaGestionExcurciones - Error inesperado al abrir la vista de filtrar excursiones.
java.lang.IllegalStateException: El SceneManager no está configurado.
	at org.thejavengers.vista.gestionExcursiones.VistaGestionExcurciones.validarSceneManager(VistaGestionExcurciones.java:52)
	at org.thejavengers.vista.gestionExcursiones.VistaGestionExcurciones.manejarFiltrarFechas(VistaGestionExcurciones.java:95)
	at java.base/jdk.internal.reflect.DirectMethodHandleAccessor.invoke(DirectMethodHandleAccessor.java:103)
	at java.base/java.lang.reflect.Method.invoke(Method.java:580)
	at com.sun.javafx.reflect.Trampoline.invoke(MethodUtil.java:72)
	at java.base/jdk.internal.reflect.DirectMethodHandleAccessor.invoke(DirectMethodHandleAccessor.java:103)
	at java.base/java.lang.reflect.Method.invoke(Method.java:580)
	at javafx.base@21.0.5/com.sun.javafx.reflect.MethodUtil.invoke(MethodUtil.java:270)
	at javafx.fxml@21.0.5/com.sun.javafx.fxml.MethodHelper.invoke(MethodHelper.java:84)
	at javafx.fxml@21.0.5/javafx.fxml.FXMLLoader$MethodHandler.invoke(FXMLLoader.java:1855)
	at javafx.fxml@21.0.5/javafx.fxml.FXMLLoader$ControllerMethodEventHandler.handle(FXMLLoader.java:1726)
	at javafx.base@21.0.5/com.sun.javafx.event.CompositeEventHandler.dispatchBubblingEvent(CompositeEventHandler.java:86)
	at javafx.base@21.0.5/com.sun.javafx.event.EventHandlerManager.dispatchBubblingEvent(EventHandlerManager.java:232)
	at javafx.base@21.0.5/com.sun.javafx.event.EventHandlerManager.dispatchBubblingEvent(EventHandlerManager.java:189)
	at javafx.base@21.0.5/com.sun.javafx.event.CompositeEventDispatcher.dispatchBubblingEvent(CompositeEventDispatcher.java:59)
	at javafx.base@21.0.5/com.sun.javafx.event.BasicEventDispatcher.dispatchEvent(BasicEventDispatcher.java:58)
	at javafx.base@21.0.5/com.sun.javafx.event.EventDispatchChainImpl.dispatchEvent(EventDispatchChainImpl.java:114)
	at javafx.base@21.0.5/com.sun.javafx.event.BasicEventDispatcher.dispatchEvent(BasicEventDispatcher.java:56)
	at javafx.base@21.0.5/com.sun.javafx.event.EventDispatchChainImpl.dispatchEvent(EventDispatchChainImpl.java:114)
	at javafx.base@21.0.5/com.sun.javafx.event.BasicEventDispatcher.dispatchEvent(BasicEventDispatcher.java:56)
	at javafx.base@21.0.5/com.sun.javafx.event.EventDispatchChainImpl.dispatchEvent(EventDispatchChainImpl.java:114)
	at javafx.base@21.0.5/com.sun.javafx.event.EventUtil.fireEventImpl(EventUtil.java:74)
	at javafx.base@21.0.5/com.sun.javafx.event.EventUtil.fireEvent(EventUtil.java:49)
	at javafx.base@21.0.5/javafx.event.Event.fireEvent(Event.java:198)
	at javafx.graphics@21.0.5/javafx.scene.Node.fireEvent(Node.java:8875)
	at javafx.controls@21.0.5/javafx.scene.control.Button.fire(Button.java:203)
	at javafx.controls@21.0.5/com.sun.javafx.scene.control.behavior.ButtonBehavior.mouseReleased(ButtonBehavior.java:207)
	at javafx.controls@21.0.5/com.sun.javafx.scene.control.inputmap.InputMap.handle(InputMap.java:274)
	at javafx.base@21.0.5/com.sun.javafx.event.CompositeEventHandler$NormalEventHandlerRecord.handleBubblingEvent(CompositeEventHandler.java:247)
	at javafx.base@21.0.5/com.sun.javafx.event.CompositeEventHandler.dispatchBubblingEvent(CompositeEventHandler.java:80)
	at javafx.base@21.0.5/com.sun.javafx.event.EventHandlerManager.dispatchBubblingEvent(EventHandlerManager.java:232)
	at javafx.base@21.0.5/com.sun.javafx.event.EventHandlerManager.dispatchBubblingEvent(EventHandlerManager.java:189)
	at javafx.base@21.0.5/com.sun.javafx.event.CompositeEventDispatcher.dispatchBubblingEvent(CompositeEventDispatcher.java:59)
	at javafx.base@21.0.5/com.sun.javafx.event.BasicEventDispatcher.dispatchEvent(BasicEventDispatcher.java:58)
	at javafx.base@21.0.5/com.sun.javafx.event.EventDispatchChainImpl.dispatchEvent(EventDispatchChainImpl.java:114)
	at javafx.base@21.0.5/com.sun.javafx.event.BasicEventDispatcher.dispatchEvent(BasicEventDispatcher.java:56)
	at javafx.base@21.0.5/com.sun.javafx.event.EventDispatchChainImpl.dispatchEvent(EventDispatchChainImpl.java:114)
	at javafx.base@21.0.5/com.sun.javafx.event.BasicEventDispatcher.dispatchEvent(BasicEventDispatcher.java:56)
	at javafx.base@21.0.5/com.sun.javafx.event.EventDispatchChainImpl.dispatchEvent(EventDispatchChainImpl.java:114)
	at javafx.base@21.0.5/com.sun.javafx.event.EventUtil.fireEventImpl(EventUtil.java:74)
	at javafx.base@21.0.5/com.sun.javafx.event.EventUtil.fireEvent(EventUtil.java:54)
	at javafx.base@21.0.5/javafx.event.Event.fireEvent(Event.java:198)
	at javafx.graphics@21.0.5/javafx.scene.Scene$MouseHandler.process(Scene.java:3984)
	at javafx.graphics@21.0.5/javafx.scene.Scene.processMouseEvent(Scene.java:1890)
	at javafx.graphics@21.0.5/javafx.scene.Scene$ScenePeerListener.mouseEvent(Scene.java:2708)
	at javafx.graphics@21.0.5/com.sun.javafx.tk.quantum.GlassViewEventHandler$MouseEventNotification.run(GlassViewEventHandler.java:411)
	at javafx.graphics@21.0.5/com.sun.javafx.tk.quantum.GlassViewEventHandler$MouseEventNotification.run(GlassViewEventHandler.java:301)
	at java.base/java.security.AccessController.doPrivileged(AccessController.java:400)
	at javafx.graphics@21.0.5/com.sun.javafx.tk.quantum.GlassViewEventHandler.lambda$handleMouseEvent$2(GlassViewEventHandler.java:450)
	at javafx.graphics@21.0.5/com.sun.javafx.tk.quantum.QuantumToolkit.runWithoutRenderLock(QuantumToolkit.java:424)
	at javafx.graphics@21.0.5/com.sun.javafx.tk.quantum.GlassViewEventHandler.handleMouseEvent(GlassViewEventHandler.java:449)
	at javafx.graphics@21.0.5/com.sun.glass.ui.View.handleMouseEvent(View.java:551)
	at javafx.graphics@21.0.5/com.sun.glass.ui.View.notifyMouse(View.java:937)
	at javafx.graphics@21.0.5/com.sun.glass.ui.win.WinApplication._runLoop(Native Method)
	at javafx.graphics@21.0.5/com.sun.glass.ui.win.WinApplication.lambda$runLoop$3(WinApplication.java:185)
	at java.base/java.lang.Thread.run(Thread.java:1583)
2024-12-04 18:54:27 [JavaFX Application Thread] INFO  o.t.v.g.VistaGestionExcurciones - Intentando abrir la vista para mostrar socios inscritos.
2024-12-04 18:54:27 [JavaFX Application Thread] ERROR o.t.v.g.VistaGestionExcurciones - El SceneManager no está configurado. No se puede cambiar la vista.
2024-12-04 18:54:27 [JavaFX Application Thread] ERROR o.t.v.g.VistaGestionExcurciones - Error inesperado al abrir la vista de mostrar socios.
java.lang.IllegalStateException: El SceneManager no está configurado.
	at org.thejavengers.vista.gestionExcursiones.VistaGestionExcurciones.validarSceneManager(VistaGestionExcurciones.java:52)
	at org.thejavengers.vista.gestionExcursiones.VistaGestionExcurciones.manejarMostrarSocios(VistaGestionExcurciones.java:114)
	at java.base/jdk.internal.reflect.DirectMethodHandleAccessor.invoke(DirectMethodHandleAccessor.java:103)
	at java.base/java.lang.reflect.Method.invoke(Method.java:580)
	at com.sun.javafx.reflect.Trampoline.invoke(MethodUtil.java:72)
	at java.base/jdk.internal.reflect.DirectMethodHandleAccessor.invoke(DirectMethodHandleAccessor.java:103)
	at java.base/java.lang.reflect.Method.invoke(Method.java:580)
	at javafx.base@21.0.5/com.sun.javafx.reflect.MethodUtil.invoke(MethodUtil.java:270)
	at javafx.fxml@21.0.5/com.sun.javafx.fxml.MethodHelper.invoke(MethodHelper.java:84)
	at javafx.fxml@21.0.5/javafx.fxml.FXMLLoader$MethodHandler.invoke(FXMLLoader.java:1855)
	at javafx.fxml@21.0.5/javafx.fxml.FXMLLoader$ControllerMethodEventHandler.handle(FXMLLoader.java:1726)
	at javafx.base@21.0.5/com.sun.javafx.event.CompositeEventHandler.dispatchBubblingEvent(CompositeEventHandler.java:86)
	at javafx.base@21.0.5/com.sun.javafx.event.EventHandlerManager.dispatchBubblingEvent(EventHandlerManager.java:232)
	at javafx.base@21.0.5/com.sun.javafx.event.EventHandlerManager.dispatchBubblingEvent(EventHandlerManager.java:189)
	at javafx.base@21.0.5/com.sun.javafx.event.CompositeEventDispatcher.dispatchBubblingEvent(CompositeEventDispatcher.java:59)
	at javafx.base@21.0.5/com.sun.javafx.event.BasicEventDispatcher.dispatchEvent(BasicEventDispatcher.java:58)
	at javafx.base@21.0.5/com.sun.javafx.event.EventDispatchChainImpl.dispatchEvent(EventDispatchChainImpl.java:114)
	at javafx.base@21.0.5/com.sun.javafx.event.BasicEventDispatcher.dispatchEvent(BasicEventDispatcher.java:56)
	at javafx.base@21.0.5/com.sun.javafx.event.EventDispatchChainImpl.dispatchEvent(EventDispatchChainImpl.java:114)
	at javafx.base@21.0.5/com.sun.javafx.event.BasicEventDispatcher.dispatchEvent(BasicEventDispatcher.java:56)
	at javafx.base@21.0.5/com.sun.javafx.event.EventDispatchChainImpl.dispatchEvent(EventDispatchChainImpl.java:114)
	at javafx.base@21.0.5/com.sun.javafx.event.EventUtil.fireEventImpl(EventUtil.java:74)
	at javafx.base@21.0.5/com.sun.javafx.event.EventUtil.fireEvent(EventUtil.java:49)
	at javafx.base@21.0.5/javafx.event.Event.fireEvent(Event.java:198)
	at javafx.graphics@21.0.5/javafx.scene.Node.fireEvent(Node.java:8875)
	at javafx.controls@21.0.5/javafx.scene.control.Button.fire(Button.java:203)
	at javafx.controls@21.0.5/com.sun.javafx.scene.control.behavior.ButtonBehavior.mouseReleased(ButtonBehavior.java:207)
	at javafx.controls@21.0.5/com.sun.javafx.scene.control.inputmap.InputMap.handle(InputMap.java:274)
	at javafx.base@21.0.5/com.sun.javafx.event.CompositeEventHandler$NormalEventHandlerRecord.handleBubblingEvent(CompositeEventHandler.java:247)
	at javafx.base@21.0.5/com.sun.javafx.event.CompositeEventHandler.dispatchBubblingEvent(CompositeEventHandler.java:80)
	at javafx.base@21.0.5/com.sun.javafx.event.EventHandlerManager.dispatchBubblingEvent(EventHandlerManager.java:232)
	at javafx.base@21.0.5/com.sun.javafx.event.EventHandlerManager.dispatchBubblingEvent(EventHandlerManager.java:189)
	at javafx.base@21.0.5/com.sun.javafx.event.CompositeEventDispatcher.dispatchBubblingEvent(CompositeEventDispatcher.java:59)
	at javafx.base@21.0.5/com.sun.javafx.event.BasicEventDispatcher.dispatchEvent(BasicEventDispatcher.java:58)
	at javafx.base@21.0.5/com.sun.javafx.event.EventDispatchChainImpl.dispatchEvent(EventDispatchChainImpl.java:114)
	at javafx.base@21.0.5/com.sun.javafx.event.BasicEventDispatcher.dispatchEvent(BasicEventDispatcher.java:56)
	at javafx.base@21.0.5/com.sun.javafx.event.EventDispatchChainImpl.dispatchEvent(EventDispatchChainImpl.java:114)
	at javafx.base@21.0.5/com.sun.javafx.event.BasicEventDispatcher.dispatchEvent(BasicEventDispatcher.java:56)
	at javafx.base@21.0.5/com.sun.javafx.event.EventDispatchChainImpl.dispatchEvent(EventDispatchChainImpl.java:114)
	at javafx.base@21.0.5/com.sun.javafx.event.EventUtil.fireEventImpl(EventUtil.java:74)
	at javafx.base@21.0.5/com.sun.javafx.event.EventUtil.fireEvent(EventUtil.java:54)
	at javafx.base@21.0.5/javafx.event.Event.fireEvent(Event.java:198)
	at javafx.graphics@21.0.5/javafx.scene.Scene$MouseHandler.process(Scene.java:3984)
	at javafx.graphics@21.0.5/javafx.scene.Scene.processMouseEvent(Scene.java:1890)
	at javafx.graphics@21.0.5/javafx.scene.Scene$ScenePeerListener.mouseEvent(Scene.java:2708)
	at javafx.graphics@21.0.5/com.sun.javafx.tk.quantum.GlassViewEventHandler$MouseEventNotification.run(GlassViewEventHandler.java:411)
	at javafx.graphics@21.0.5/com.sun.javafx.tk.quantum.GlassViewEventHandler$MouseEventNotification.run(GlassViewEventHandler.java:301)
	at java.base/java.security.AccessController.doPrivileged(AccessController.java:400)
	at javafx.graphics@21.0.5/com.sun.javafx.tk.quantum.GlassViewEventHandler.lambda$handleMouseEvent$2(GlassViewEventHandler.java:450)
	at javafx.graphics@21.0.5/com.sun.javafx.tk.quantum.QuantumToolkit.runWithoutRenderLock(QuantumToolkit.java:424)
	at javafx.graphics@21.0.5/com.sun.javafx.tk.quantum.GlassViewEventHandler.handleMouseEvent(GlassViewEventHandler.java:449)
	at javafx.graphics@21.0.5/com.sun.glass.ui.View.handleMouseEvent(View.java:551)
	at javafx.graphics@21.0.5/com.sun.glass.ui.View.notifyMouse(View.java:937)
	at javafx.graphics@21.0.5/com.sun.glass.ui.win.WinApplication._runLoop(Native Method)
	at javafx.graphics@21.0.5/com.sun.glass.ui.win.WinApplication.lambda$runLoop$3(WinApplication.java:185)
	at java.base/java.lang.Thread.run(Thread.java:1583)
2024-12-04 18:54:30 [JavaFX Application Thread] INFO  o.t.v.g.VistaGestionExcurciones - Intentando volver al menú principal.
2024-12-04 18:54:30 [JavaFX Application Thread] ERROR o.t.v.g.VistaGestionExcurciones - El SceneManager no está configurado. No se puede cambiar la vista.
2024-12-04 18:54:30 [JavaFX Application Thread] ERROR o.t.v.g.VistaGestionExcurciones - Error inesperado al volver al menú principal.
java.lang.IllegalStateException: El SceneManager no está configurado.
	at org.thejavengers.vista.gestionExcursiones.VistaGestionExcurciones.validarSceneManager(VistaGestionExcurciones.java:52)
	at org.thejavengers.vista.gestionExcursiones.VistaGestionExcurciones.manejarVolverMenu(VistaGestionExcurciones.java:133)
	at java.base/jdk.internal.reflect.DirectMethodHandleAccessor.invoke(DirectMethodHandleAccessor.java:103)
	at java.base/java.lang.reflect.Method.invoke(Method.java:580)
	at com.sun.javafx.reflect.Trampoline.invoke(MethodUtil.java:72)
	at java.base/jdk.internal.reflect.DirectMethodHandleAccessor.invoke(DirectMethodHandleAccessor.java:103)
	at java.base/java.lang.reflect.Method.invoke(Method.java:580)
	at javafx.base@21.0.5/com.sun.javafx.reflect.MethodUtil.invoke(MethodUtil.java:270)
	at javafx.fxml@21.0.5/com.sun.javafx.fxml.MethodHelper.invoke(MethodHelper.java:84)
	at javafx.fxml@21.0.5/javafx.fxml.FXMLLoader$MethodHandler.invoke(FXMLLoader.java:1855)
	at javafx.fxml@21.0.5/javafx.fxml.FXMLLoader$ControllerMethodEventHandler.handle(FXMLLoader.java:1726)
	at javafx.base@21.0.5/com.sun.javafx.event.CompositeEventHandler.dispatchBubblingEvent(CompositeEventHandler.java:86)
	at javafx.base@21.0.5/com.sun.javafx.event.EventHandlerManager.dispatchBubblingEvent(EventHandlerManager.java:232)
	at javafx.base@21.0.5/com.sun.javafx.event.EventHandlerManager.dispatchBubblingEvent(EventHandlerManager.java:189)
	at javafx.base@21.0.5/com.sun.javafx.event.CompositeEventDispatcher.dispatchBubblingEvent(CompositeEventDispatcher.java:59)
	at javafx.base@21.0.5/com.sun.javafx.event.BasicEventDispatcher.dispatchEvent(BasicEventDispatcher.java:58)
	at javafx.base@21.0.5/com.sun.javafx.event.EventDispatchChainImpl.dispatchEvent(EventDispatchChainImpl.java:114)
	at javafx.base@21.0.5/com.sun.javafx.event.BasicEventDispatcher.dispatchEvent(BasicEventDispatcher.java:56)
	at javafx.base@21.0.5/com.sun.javafx.event.EventDispatchChainImpl.dispatchEvent(EventDispatchChainImpl.java:114)
	at javafx.base@21.0.5/com.sun.javafx.event.BasicEventDispatcher.dispatchEvent(BasicEventDispatcher.java:56)
	at javafx.base@21.0.5/com.sun.javafx.event.EventDispatchChainImpl.dispatchEvent(EventDispatchChainImpl.java:114)
	at javafx.base@21.0.5/com.sun.javafx.event.EventUtil.fireEventImpl(EventUtil.java:74)
	at javafx.base@21.0.5/com.sun.javafx.event.EventUtil.fireEvent(EventUtil.java:49)
	at javafx.base@21.0.5/javafx.event.Event.fireEvent(Event.java:198)
	at javafx.graphics@21.0.5/javafx.scene.Node.fireEvent(Node.java:8875)
	at javafx.controls@21.0.5/javafx.scene.control.Button.fire(Button.java:203)
	at javafx.controls@21.0.5/com.sun.javafx.scene.control.behavior.ButtonBehavior.mouseReleased(ButtonBehavior.java:207)
	at javafx.controls@21.0.5/com.sun.javafx.scene.control.inputmap.InputMap.handle(InputMap.java:274)
	at javafx.base@21.0.5/com.sun.javafx.event.CompositeEventHandler$NormalEventHandlerRecord.handleBubblingEvent(CompositeEventHandler.java:247)
	at javafx.base@21.0.5/com.sun.javafx.event.CompositeEventHandler.dispatchBubblingEvent(CompositeEventHandler.java:80)
	at javafx.base@21.0.5/com.sun.javafx.event.EventHandlerManager.dispatchBubblingEvent(EventHandlerManager.java:232)
	at javafx.base@21.0.5/com.sun.javafx.event.EventHandlerManager.dispatchBubblingEvent(EventHandlerManager.java:189)
	at javafx.base@21.0.5/com.sun.javafx.event.CompositeEventDispatcher.dispatchBubblingEvent(CompositeEventDispatcher.java:59)
	at javafx.base@21.0.5/com.sun.javafx.event.BasicEventDispatcher.dispatchEvent(BasicEventDispatcher.java:58)
	at javafx.base@21.0.5/com.sun.javafx.event.EventDispatchChainImpl.dispatchEvent(EventDispatchChainImpl.java:114)
	at javafx.base@21.0.5/com.sun.javafx.event.BasicEventDispatcher.dispatchEvent(BasicEventDispatcher.java:56)
	at javafx.base@21.0.5/com.sun.javafx.event.EventDispatchChainImpl.dispatchEvent(EventDispatchChainImpl.java:114)
	at javafx.base@21.0.5/com.sun.javafx.event.BasicEventDispatcher.dispatchEvent(BasicEventDispatcher.java:56)
	at javafx.base@21.0.5/com.sun.javafx.event.EventDispatchChainImpl.dispatchEvent(EventDispatchChainImpl.java:114)
	at javafx.base@21.0.5/com.sun.javafx.event.EventUtil.fireEventImpl(EventUtil.java:74)
	at javafx.base@21.0.5/com.sun.javafx.event.EventUtil.fireEvent(EventUtil.java:54)
	at javafx.base@21.0.5/javafx.event.Event.fireEvent(Event.java:198)
	at javafx.graphics@21.0.5/javafx.scene.Scene$MouseHandler.process(Scene.java:3984)
	at javafx.graphics@21.0.5/javafx.scene.Scene.processMouseEvent(Scene.java:1890)
	at javafx.graphics@21.0.5/javafx.scene.Scene$ScenePeerListener.mouseEvent(Scene.java:2708)
	at javafx.graphics@21.0.5/com.sun.javafx.tk.quantum.GlassViewEventHandler$MouseEventNotification.run(GlassViewEventHandler.java:411)
	at javafx.graphics@21.0.5/com.sun.javafx.tk.quantum.GlassViewEventHandler$MouseEventNotification.run(GlassViewEventHandler.java:301)
	at java.base/java.security.AccessController.doPrivileged(AccessController.java:400)
	at javafx.graphics@21.0.5/com.sun.javafx.tk.quantum.GlassViewEventHandler.lambda$handleMouseEvent$2(GlassViewEventHandler.java:450)
	at javafx.graphics@21.0.5/com.sun.javafx.tk.quantum.QuantumToolkit.runWithoutRenderLock(QuantumToolkit.java:424)
	at javafx.graphics@21.0.5/com.sun.javafx.tk.quantum.GlassViewEventHandler.handleMouseEvent(GlassViewEventHandler.java:449)
	at javafx.graphics@21.0.5/com.sun.glass.ui.View.handleMouseEvent(View.java:551)
	at javafx.graphics@21.0.5/com.sun.glass.ui.View.notifyMouse(View.java:937)
	at javafx.graphics@21.0.5/com.sun.glass.ui.win.WinApplication._runLoop(Native Method)
	at javafx.graphics@21.0.5/com.sun.glass.ui.win.WinApplication.lambda$runLoop$3(WinApplication.java:185)
	at java.base/java.lang.Thread.run(Thread.java:1583)
2024-12-04 18:54:34 [main] INFO  org.thejavengers.Main - Aplicación finalizada exitosamente.
2024-12-04 18:54:34 [main] INFO  o.t.c.ControladorExcursiones - ControladorExcursiones inicializado correctamente.
2024-12-04 19:43:39 [main] INFO  org.thejavengers.Main - Inicio de la aplicación JavaFX.
2024-12-04 19:43:39 [JavaFX Application Thread] INFO  org.thejavengers.Main - Iniciando la aplicación JavaFX.
2024-12-04 19:43:40 [JavaFX Application Thread] INFO  org.thejavengers.Main - Aplicación JavaFX iniciada correctamente.
2024-12-04 19:43:41 [JavaFX Application Thread] INFO  o.t.v.g.VistaGestionMenuPrincipal - Navegando a la ventana de Gestión de Excursiones.
2024-12-04 19:43:41 [JavaFX Application Thread] INFO  o.t.v.g.VistaGestionMenuPrincipal - Ventana de Gestión de Excursiones abierta correctamente.
2024-12-04 19:43:43 [JavaFX Application Thread] INFO  o.t.v.g.VistaGestionExcurciones - Intentando abrir la vista para añadir una excursión en una nueva ventana.
2024-12-04 19:43:43 [JavaFX Application Thread] INFO  o.t.v.g.VistaGestionExcurciones - Nueva ventana de 'Añadir Excursión' abierta correctamente.
2024-12-04 19:44:13 [JavaFX Application Thread] INFO  o.t.v.g.VistaGestionExcurciones - Intentando abrir la vista para añadir una excursión en una nueva ventana.
2024-12-04 19:44:13 [JavaFX Application Thread] INFO  o.t.v.g.VistaGestionExcurciones - Nueva ventana de 'Añadir Excursión' abierta correctamente.
2024-12-04 19:44:16 [main] INFO  org.thejavengers.Main - Aplicación finalizada exitosamente.
2024-12-04 19:44:17 [main] INFO  o.t.c.ControladorExcursiones - ControladorExcursiones inicializado correctamente.
2024-12-04 19:47:24 [main] INFO  org.thejavengers.Main - Inicio de la aplicación JavaFX.
2024-12-04 19:47:24 [JavaFX Application Thread] INFO  org.thejavengers.Main - Iniciando la aplicación JavaFX.
2024-12-04 19:47:25 [JavaFX Application Thread] INFO  org.thejavengers.Main - Aplicación JavaFX iniciada correctamente.
2024-12-04 19:47:26 [JavaFX Application Thread] INFO  o.t.v.g.VistaGestionMenuPrincipal - Navegando a la ventana de Gestión de Excursiones.
2024-12-04 19:47:26 [JavaFX Application Thread] INFO  o.t.v.g.VistaGestionMenuPrincipal - Ventana de Gestión de Excursiones abierta correctamente.
2024-12-04 19:47:27 [JavaFX Application Thread] INFO  o.t.v.g.VistaGestionExcurciones - Intentando abrir la vista para añadir una excursión en una nueva ventana.
2024-12-04 19:47:27 [JavaFX Application Thread] INFO  o.t.v.g.VistaGestionExcurciones - Nueva ventana de 'Añadir Excursión' abierta correctamente.
2024-12-04 19:47:36 [main] INFO  org.thejavengers.Main - Aplicación finalizada exitosamente.
2024-12-04 19:47:36 [main] INFO  o.t.c.ControladorExcursiones - ControladorExcursiones inicializado correctamente.
2024-12-04 19:47:51 [main] INFO  org.thejavengers.Main - Inicio de la aplicación JavaFX.
2024-12-04 19:47:51 [JavaFX Application Thread] INFO  org.thejavengers.Main - Iniciando la aplicación JavaFX.
2024-12-04 19:47:52 [JavaFX Application Thread] INFO  org.thejavengers.Main - Aplicación JavaFX iniciada correctamente.
2024-12-04 19:47:54 [JavaFX Application Thread] INFO  o.t.v.g.VistaGestionMenuPrincipal - Navegando a la ventana de Gestión de Excursiones.
2024-12-04 19:47:54 [JavaFX Application Thread] INFO  o.t.v.g.VistaGestionMenuPrincipal - Ventana de Gestión de Excursiones abierta correctamente.
2024-12-04 19:47:55 [JavaFX Application Thread] INFO  o.t.v.g.VistaGestionExcurciones - Intentando abrir la vista para añadir una excursión en una nueva ventana.
2024-12-04 19:47:55 [JavaFX Application Thread] INFO  o.t.v.g.VistaGestionExcurciones - Nueva ventana de 'Añadir Excursión' abierta correctamente.
2024-12-04 19:48:01 [main] INFO  org.thejavengers.Main - Aplicación finalizada exitosamente.
2024-12-04 19:48:01 [main] INFO  o.t.c.ControladorExcursiones - ControladorExcursiones inicializado correctamente.
2024-12-04 19:48:17 [main] INFO  org.thejavengers.Main - Inicio de la aplicación JavaFX.
2024-12-04 19:48:17 [JavaFX Application Thread] INFO  org.thejavengers.Main - Iniciando la aplicación JavaFX.
2024-12-04 19:48:18 [JavaFX Application Thread] INFO  org.thejavengers.Main - Aplicación JavaFX iniciada correctamente.
2024-12-04 19:48:45 [JavaFX Application Thread] INFO  o.t.v.g.VistaGestionMenuPrincipal - Navegando a la ventana de Gestión de Excursiones.
2024-12-04 19:48:46 [JavaFX Application Thread] INFO  o.t.v.g.VistaGestionMenuPrincipal - Ventana de Gestión de Excursiones abierta correctamente.
2024-12-04 19:48:48 [JavaFX Application Thread] INFO  o.t.v.g.VistaGestionExcurciones - Intentando abrir la vista para añadir una excursión en una nueva ventana.
2024-12-04 19:48:48 [JavaFX Application Thread] INFO  o.t.v.g.VistaGestionExcurciones - Nueva ventana de 'Añadir Excursión' abierta correctamente.
2024-12-04 19:53:21 [main] INFO  org.thejavengers.Main - Aplicación finalizada exitosamente.
2024-12-04 19:53:21 [main] INFO  o.t.c.ControladorExcursiones - ControladorExcursiones inicializado correctamente.
2024-12-04 19:53:26 [main] INFO  org.thejavengers.Main - Inicio de la aplicación JavaFX.
2024-12-04 19:53:26 [JavaFX Application Thread] INFO  org.thejavengers.Main - Iniciando la aplicación JavaFX.
2024-12-04 19:53:26 [JavaFX Application Thread] INFO  org.thejavengers.Main - Aplicación JavaFX iniciada correctamente.
2024-12-04 19:53:32 [JavaFX Application Thread] INFO  o.t.v.g.VistaGestionMenuPrincipal - Navegando a la ventana de Gestión de Excursiones.
2024-12-04 19:53:32 [JavaFX Application Thread] INFO  o.t.v.g.VistaGestionMenuPrincipal - Ventana de Gestión de Excursiones abierta correctamente.
2024-12-04 19:53:39 [JavaFX Application Thread] INFO  o.t.v.g.VistaGestionExcurciones - Intentando abrir la vista para añadir una excursión en una nueva ventana.
2024-12-04 19:53:40 [JavaFX Application Thread] INFO  o.t.v.g.VistaGestionExcurciones - Nueva ventana de 'Añadir Excursión' abierta correctamente.
2024-12-04 19:57:43 [JavaFX Application Thread] INFO  o.t.v.g.VistaAñadirExcursion - Intentando volver al menú principal.
2024-12-04 19:57:43 [JavaFX Application Thread] INFO  o.t.v.g.VistaAñadirExcursion - Vista del menú principal abierta correctamente.
2024-12-04 19:57:46 [main] INFO  org.thejavengers.Main - Aplicación finalizada exitosamente.
2024-12-04 19:57:46 [main] INFO  o.t.c.ControladorExcursiones - ControladorExcursiones inicializado correctamente.
2024-12-04 20:14:10 [main] INFO  org.thejavengers.Main - Inicio de la aplicación JavaFX.
2024-12-04 20:14:10 [JavaFX Application Thread] INFO  org.thejavengers.Main - Iniciando la aplicación JavaFX.
2024-12-04 20:14:11 [JavaFX Application Thread] INFO  org.thejavengers.Main - Aplicación JavaFX iniciada correctamente.
2024-12-04 20:14:24 [JavaFX Application Thread] INFO  o.t.v.g.VistaGestionMenuPrincipal - Navegando a la ventana de Gestión de Excursiones.
2024-12-04 20:14:24 [JavaFX Application Thread] INFO  o.t.v.g.VistaGestionMenuPrincipal - Ventana de Gestión de Excursiones abierta correctamente.
2024-12-04 20:14:36 [JavaFX Application Thread] INFO  o.t.v.g.VistaGestionExcurciones - Intentando abrir la vista para añadir una excursión en una nueva ventana.
2024-12-04 20:14:36 [JavaFX Application Thread] INFO  o.t.v.g.VistaGestionExcurciones - Nueva ventana de 'Añadir Excursión' abierta correctamente.
