2024-11-27 19:44:16 [main] INFO  org.thejavengers.Main - Inicio de la aplicación.
2024-11-27 19:44:16 [JavaFX Application Thread] INFO  org.thejavengers.Main - Iniciando la aplicación JavaFX.
2024-11-27 19:44:16 [JavaFX Application Thread] INFO  org.thejavengers.Main - Aplicación JavaFX iniciada correctamente.
2024-11-27 19:45:17 [JavaFX Application Thread] INFO  o.t.v.c.ControladorPrincipalVista - Ventana de Gestión de Excursiones abierta correctamente.
2024-11-27 19:45:26 [JavaFX Application Thread] INFO  o.t.v.c.ControladorExcursionesVista - Volviendo al menú principal.
2024-11-27 19:46:34 [JavaFX Application Thread] INFO  o.t.v.c.ControladorPrincipalVista - Saliendo de la aplicación.
2024-11-27 20:12:56 [main] INFO  org.thejavengers.Main - Inicio de la aplicación.
2024-11-27 20:12:56 [JavaFX Application Thread] INFO  org.thejavengers.Main - Iniciando la aplicación JavaFX.
2024-11-27 20:12:56 [JavaFX Application Thread] INFO  org.thejavengers.Main - Aplicación JavaFX iniciada correctamente.
2024-11-27 20:12:57 [JavaFX Application Thread] INFO  o.t.v.c.ControladorPrincipalVista - Ventana de Gestión de Excursiones abierta correctamente.
2024-11-27 20:13:06 [main] INFO  org.thejavengers.Main - Aplicación finalizada.
2024-11-27 20:13:06 [main] INFO  o.t.c.ControladorExcursiones - ControladorExcursiones inicializado correctamente.
2024-11-27 20:15:56 [main] INFO  org.thejavengers.Main - Inicio de la aplicación.
2024-11-27 20:15:56 [JavaFX Application Thread] INFO  org.thejavengers.Main - Iniciando la aplicación JavaFX.
2024-11-27 20:15:57 [JavaFX Application Thread] INFO  org.thejavengers.Main - Aplicación JavaFX iniciada correctamente.
2024-11-27 20:16:14 [main] INFO  org.thejavengers.Main - Aplicación finalizada.
2024-11-27 20:16:14 [main] INFO  o.t.c.ControladorExcursiones - ControladorExcursiones inicializado correctamente.
2024-11-27 20:30:46 [main] INFO  org.thejavengers.Main - Inicio de la aplicación.
2024-11-27 20:30:46 [JavaFX Application Thread] INFO  org.thejavengers.Main - Iniciando la aplicación JavaFX.
2024-11-27 20:30:46 [JavaFX Application Thread] INFO  org.thejavengers.Main - Aplicación JavaFX iniciada correctamente.
2024-11-27 20:32:03 [JavaFX Application Thread] INFO  o.t.v.c.ControladorPrincipalVista - Ventana de Gestión de Excursiones abierta correctamente.
2024-11-27 20:32:47 [JavaFX Application Thread] INFO  o.t.v.c.ControladorExcursionesVista - Excursión agregada: Descripción=excursion al mar, Fecha=2025-01-01, Días=5, Precio=100.0
2024-11-27 20:34:57 [JavaFX Application Thread] INFO  o.t.v.c.ControladorExcursionesVista - Excursión agregada: Descripción=tre, Fecha=2024-11-30, Días=3, Precio=99.0
2024-11-27 21:01:41 [main] INFO  org.thejavengers.Main - Inicio de la aplicación.
2024-11-27 21:01:41 [JavaFX Application Thread] INFO  org.thejavengers.Main - Iniciando la aplicación JavaFX.
2024-11-27 21:01:42 [JavaFX Application Thread] INFO  org.thejavengers.Main - Aplicación JavaFX iniciada correctamente.
